{"D:\\orderly\\src\\cli\\cli.service.ts": {"path":"D:\\orderly\\src\\cli\\cli.service.ts","statementMap":{"0":{"start":{"line":2,"column":22},"end":{"line":12,"column":3}},"1":{"start":{"line":3,"column":4},"end":{"line":3,"column":33}},"2":{"start":{"line":3,"column":26},"end":{"line":3,"column":33}},"3":{"start":{"line":4,"column":15},"end":{"line":4,"column":52}},"4":{"start":{"line":5,"column":4},"end":{"line":7,"column":5}},"5":{"start":{"line":6,"column":6},"end":{"line":6,"column":68}},"6":{"start":{"line":6,"column":51},"end":{"line":6,"column":63}},"7":{"start":{"line":8,"column":4},"end":{"line":8,"column":39}},"8":{"start":{"line":10,"column":4},"end":{"line":10,"column":33}},"9":{"start":{"line":10,"column":26},"end":{"line":10,"column":33}},"10":{"start":{"line":11,"column":4},"end":{"line":11,"column":17}},"11":{"start":{"line":13,"column":25},"end":{"line":17,"column":2}},"12":{"start":{"line":14,"column":4},"end":{"line":14,"column":72}},"13":{"start":{"line":16,"column":4},"end":{"line":16,"column":21}},"14":{"start":{"line":18,"column":19},"end":{"line":34,"column":4}},"15":{"start":{"line":19,"column":18},"end":{"line":26,"column":5}},"16":{"start":{"line":20,"column":8},"end":{"line":24,"column":10}},"17":{"start":{"line":21,"column":21},"end":{"line":21,"column":23}},"18":{"start":{"line":22,"column":12},"end":{"line":22,"column":95}},"19":{"start":{"line":22,"column":29},"end":{"line":22,"column":95}},"20":{"start":{"line":22,"column":77},"end":{"line":22,"column":95}},"21":{"start":{"line":23,"column":12},"end":{"line":23,"column":22}},"22":{"start":{"line":25,"column":8},"end":{"line":25,"column":26}},"23":{"start":{"line":27,"column":4},"end":{"line":33,"column":6}},"24":{"start":{"line":28,"column":8},"end":{"line":28,"column":46}},"25":{"start":{"line":28,"column":35},"end":{"line":28,"column":46}},"26":{"start":{"line":29,"column":21},"end":{"line":29,"column":23}},"27":{"start":{"line":30,"column":8},"end":{"line":30,"column":137}},"28":{"start":{"line":30,"column":25},"end":{"line":30,"column":137}},"29":{"start":{"line":30,"column":38},"end":{"line":30,"column":50}},"30":{"start":{"line":30,"column":56},"end":{"line":30,"column":57}},"31":{"start":{"line":30,"column":78},"end":{"line":30,"column":137}},"32":{"start":{"line":30,"column":102},"end":{"line":30,"column":137}},"33":{"start":{"line":31,"column":8},"end":{"line":31,"column":40}},"34":{"start":{"line":32,"column":8},"end":{"line":32,"column":22}},"35":{"start":{"line":35,"column":22},"end":{"line":37,"column":1}},"36":{"start":{"line":36,"column":4},"end":{"line":36,"column":62}},"37":{"start":{"line":38,"column":0},"end":{"line":38,"column":62}},"38":{"start":{"line":39,"column":0},"end":{"line":39,"column":28}},"39":{"start":{"line":40,"column":13},"end":{"line":40,"column":47}},"40":{"start":{"line":41,"column":16},"end":{"line":41,"column":49}},"41":{"start":{"line":42,"column":20},"end":{"line":42,"column":40}},"42":{"start":{"line":43,"column":24},"end":{"line":43,"column":58}},"43":{"start":{"line":44,"column":16},"end":{"line":44,"column":42}},"44":{"start":{"line":45,"column":17},"end":{"line":45,"column":44}},"45":{"start":{"line":46,"column":25},"end":{"line":46,"column":63}},"46":{"start":{"line":47,"column":29},"end":{"line":47,"column":71}},"47":{"start":{"line":48,"column":16},"end":{"line":48,"column":45}},"48":{"start":{"line":49,"column":23},"end":{"line":49,"column":57}},"49":{"start":{"line":50,"column":28},"end":{"line":50,"column":65}},"50":{"start":{"line":51,"column":20},"end":{"line":51,"column":42}},"51":{"start":{"line":58,"column":8},"end":{"line":58,"column":49}},"52":{"start":{"line":59,"column":8},"end":{"line":59,"column":28}},"53":{"start":{"line":65,"column":8},"end":{"line":65,"column":110}},"54":{"start":{"line":66,"column":8},"end":{"line":66,"column":36}},"55":{"start":{"line":67,"column":8},"end":{"line":67,"column":32}},"56":{"start":{"line":68,"column":8},"end":{"line":68,"column":32}},"57":{"start":{"line":74,"column":8},"end":{"line":90,"column":11}},"58":{"start":{"line":84,"column":12},"end":{"line":89,"column":13}},"59":{"start":{"line":85,"column":16},"end":{"line":85,"column":69}},"60":{"start":{"line":88,"column":16},"end":{"line":88,"column":40}},"61":{"start":{"line":96,"column":8},"end":{"line":107,"column":11}},"62":{"start":{"line":101,"column":12},"end":{"line":106,"column":13}},"63":{"start":{"line":102,"column":16},"end":{"line":102,"column":48}},"64":{"start":{"line":105,"column":16},"end":{"line":105,"column":40}},"65":{"start":{"line":113,"column":8},"end":{"line":126,"column":11}},"66":{"start":{"line":120,"column":12},"end":{"line":125,"column":13}},"67":{"start":{"line":121,"column":16},"end":{"line":121,"column":65}},"68":{"start":{"line":124,"column":16},"end":{"line":124,"column":40}},"69":{"start":{"line":132,"column":8},"end":{"line":132,"column":29}},"70":{"start":{"line":138,"column":23},"end":{"line":138,"column":47}},"71":{"start":{"line":139,"column":23},"end":{"line":139,"column":57}},"72":{"start":{"line":140,"column":8},"end":{"line":140,"column":123}},"73":{"start":{"line":141,"column":26},"end":{"line":141,"column":67}},"74":{"start":{"line":142,"column":8},"end":{"line":142,"column":64}},"75":{"start":{"line":143,"column":24},"end":{"line":143,"column":70}},"76":{"start":{"line":144,"column":22},"end":{"line":144,"column":51}},"77":{"start":{"line":145,"column":8},"end":{"line":148,"column":9}},"78":{"start":{"line":146,"column":12},"end":{"line":146,"column":54}},"79":{"start":{"line":147,"column":12},"end":{"line":147,"column":19}},"80":{"start":{"line":149,"column":8},"end":{"line":149,"column":52}},"81":{"start":{"line":150,"column":26},"end":{"line":150,"column":87}},"82":{"start":{"line":151,"column":27},"end":{"line":151,"column":58}},"83":{"start":{"line":152,"column":8},"end":{"line":155,"column":9}},"84":{"start":{"line":153,"column":12},"end":{"line":153,"column":64}},"85":{"start":{"line":154,"column":12},"end":{"line":154,"column":19}},"86":{"start":{"line":156,"column":8},"end":{"line":156,"column":66}},"87":{"start":{"line":157,"column":23},"end":{"line":157,"column":62}},"88":{"start":{"line":158,"column":8},"end":{"line":158,"column":40}},"89":{"start":{"line":159,"column":8},"end":{"line":161,"column":9}},"90":{"start":{"line":160,"column":12},"end":{"line":160,"column":47}},"91":{"start":{"line":162,"column":8},"end":{"line":162,"column":79}},"92":{"start":{"line":163,"column":8},"end":{"line":165,"column":9}},"93":{"start":{"line":164,"column":12},"end":{"line":164,"column":28}},"94":{"start":{"line":171,"column":23},"end":{"line":171,"column":58}},"95":{"start":{"line":172,"column":25},"end":{"line":172,"column":49}},"96":{"start":{"line":173,"column":27},"end":{"line":173,"column":61}},"97":{"start":{"line":174,"column":8},"end":{"line":177,"column":9}},"98":{"start":{"line":175,"column":12},"end":{"line":175,"column":92}},"99":{"start":{"line":176,"column":12},"end":{"line":176,"column":28}},"100":{"start":{"line":178,"column":8},"end":{"line":178,"column":78}},"101":{"start":{"line":179,"column":8},"end":{"line":179,"column":83}},"102":{"start":{"line":185,"column":23},"end":{"line":185,"column":72}},"103":{"start":{"line":186,"column":8},"end":{"line":186,"column":29}},"104":{"start":{"line":187,"column":8},"end":{"line":188,"column":47}},"105":{"start":{"line":188,"column":12},"end":{"line":188,"column":47}},"106":{"start":{"line":189,"column":23},"end":{"line":189,"column":59}},"107":{"start":{"line":190,"column":8},"end":{"line":190,"column":79}},"108":{"start":{"line":191,"column":26},"end":{"line":191,"column":67}},"109":{"start":{"line":192,"column":24},"end":{"line":192,"column":70}},"110":{"start":{"line":193,"column":22},"end":{"line":193,"column":51}},"111":{"start":{"line":194,"column":8},"end":{"line":197,"column":9}},"112":{"start":{"line":195,"column":12},"end":{"line":195,"column":42}},"113":{"start":{"line":196,"column":12},"end":{"line":196,"column":19}},"114":{"start":{"line":198,"column":8},"end":{"line":198,"column":75}},"115":{"start":{"line":199,"column":8},"end":{"line":199,"column":71}},"116":{"start":{"line":205,"column":23},"end":{"line":205,"column":72}},"117":{"start":{"line":206,"column":8},"end":{"line":207,"column":33}},"118":{"start":{"line":207,"column":12},"end":{"line":207,"column":33}},"119":{"start":{"line":208,"column":8},"end":{"line":209,"column":44}},"120":{"start":{"line":209,"column":12},"end":{"line":209,"column":44}},"121":{"start":{"line":210,"column":8},"end":{"line":211,"column":47}},"122":{"start":{"line":211,"column":12},"end":{"line":211,"column":47}},"123":{"start":{"line":212,"column":8},"end":{"line":213,"column":66}},"124":{"start":{"line":213,"column":12},"end":{"line":213,"column":66}},"125":{"start":{"line":214,"column":8},"end":{"line":214,"column":22}},"126":{"start":{"line":220,"column":24},"end":{"line":220,"column":123}},"127":{"start":{"line":221,"column":8},"end":{"line":221,"column":54}},"128":{"start":{"line":227,"column":26},"end":{"line":227,"column":49}},"129":{"start":{"line":228,"column":8},"end":{"line":231,"column":9}},"130":{"start":{"line":229,"column":12},"end":{"line":229,"column":67}},"131":{"start":{"line":230,"column":12},"end":{"line":230,"column":28}},"132":{"start":{"line":232,"column":8},"end":{"line":232,"column":25}},"133":{"start":{"line":238,"column":8},"end":{"line":238,"column":54}},"134":{"start":{"line":239,"column":8},"end":{"line":241,"column":9}},"135":{"start":{"line":240,"column":12},"end":{"line":240,"column":79}},"136":{"start":{"line":247,"column":24},"end":{"line":247,"column":57}},"137":{"start":{"line":248,"column":8},"end":{"line":248,"column":48}},"138":{"start":{"line":249,"column":8},"end":{"line":251,"column":9}},"139":{"start":{"line":250,"column":12},"end":{"line":250,"column":57}},"140":{"start":{"line":257,"column":8},"end":{"line":257,"column":43}},"141":{"start":{"line":258,"column":8},"end":{"line":258,"column":96}},"142":{"start":{"line":259,"column":8},"end":{"line":261,"column":9}},"143":{"start":{"line":260,"column":12},"end":{"line":260,"column":92}},"144":{"start":{"line":267,"column":34},"end":{"line":267,"column":84}},"145":{"start":{"line":268,"column":25},"end":{"line":268,"column":74}},"146":{"start":{"line":269,"column":28},"end":{"line":269,"column":91}},"147":{"start":{"line":270,"column":8},"end":{"line":270,"column":106}},"148":{"start":{"line":271,"column":8},"end":{"line":271,"column":112}},"149":{"start":{"line":272,"column":8},"end":{"line":272,"column":67}},"150":{"start":{"line":278,"column":27},"end":{"line":278,"column":93}},"151":{"start":{"line":279,"column":8},"end":{"line":282,"column":9}},"152":{"start":{"line":280,"column":12},"end":{"line":280,"column":127}},"153":{"start":{"line":281,"column":12},"end":{"line":281,"column":28}},"154":{"start":{"line":283,"column":8},"end":{"line":283,"column":26}},"155":{"start":{"line":289,"column":8},"end":{"line":289,"column":113}},"156":{"start":{"line":295,"column":24},"end":{"line":295,"column":57}},"157":{"start":{"line":296,"column":8},"end":{"line":296,"column":64}},"158":{"start":{"line":297,"column":8},"end":{"line":299,"column":9}},"159":{"start":{"line":298,"column":12},"end":{"line":298,"column":79}},"160":{"start":{"line":300,"column":26},"end":{"line":300,"column":87}},"161":{"start":{"line":301,"column":27},"end":{"line":301,"column":58}},"162":{"start":{"line":302,"column":8},"end":{"line":302,"column":87}},"163":{"start":{"line":303,"column":31},"end":{"line":307,"column":9}},"164":{"start":{"line":308,"column":8},"end":{"line":310,"column":9}},"165":{"start":{"line":309,"column":12},"end":{"line":309,"column":38}},"166":{"start":{"line":311,"column":8},"end":{"line":311,"column":81}},"167":{"start":{"line":312,"column":8},"end":{"line":312,"column":85}},"168":{"start":{"line":313,"column":8},"end":{"line":313,"column":97}},"169":{"start":{"line":319,"column":8},"end":{"line":319,"column":101}},"170":{"start":{"line":320,"column":8},"end":{"line":320,"column":24}},"171":{"start":{"line":323,"column":0},"end":{"line":323,"column":32}}},"fnMap":{"0":{"name":"(anonymous_0)","decl":{"start":{"line":2,"column":74},"end":{"line":2,"column":75}},"loc":{"start":{"line":2,"column":96},"end":{"line":9,"column":1}},"line":2},"1":{"name":"(anonymous_1)","decl":{"start":{"line":6,"column":38},"end":{"line":6,"column":39}},"loc":{"start":{"line":6,"column":49},"end":{"line":6,"column":65}},"line":6},"2":{"name":"(anonymous_2)","decl":{"start":{"line":9,"column":6},"end":{"line":9,"column":7}},"loc":{"start":{"line":9,"column":28},"end":{"line":12,"column":1}},"line":9},"3":{"name":"(anonymous_3)","decl":{"start":{"line":13,"column":80},"end":{"line":13,"column":81}},"loc":{"start":{"line":13,"column":95},"end":{"line":15,"column":1}},"line":13},"4":{"name":"(anonymous_4)","decl":{"start":{"line":15,"column":5},"end":{"line":15,"column":6}},"loc":{"start":{"line":15,"column":20},"end":{"line":17,"column":1}},"line":15},"5":{"name":"(anonymous_5)","decl":{"start":{"line":18,"column":51},"end":{"line":18,"column":52}},"loc":{"start":{"line":18,"column":63},"end":{"line":34,"column":1}},"line":18},"6":{"name":"(anonymous_6)","decl":{"start":{"line":19,"column":18},"end":{"line":19,"column":19}},"loc":{"start":{"line":19,"column":30},"end":{"line":26,"column":5}},"line":19},"7":{"name":"(anonymous_7)","decl":{"start":{"line":20,"column":48},"end":{"line":20,"column":49}},"loc":{"start":{"line":20,"column":61},"end":{"line":24,"column":9}},"line":20},"8":{"name":"(anonymous_8)","decl":{"start":{"line":27,"column":11},"end":{"line":27,"column":12}},"loc":{"start":{"line":27,"column":26},"end":{"line":33,"column":5}},"line":27},"9":{"name":"(anonymous_9)","decl":{"start":{"line":35,"column":56},"end":{"line":35,"column":57}},"loc":{"start":{"line":35,"column":71},"end":{"line":37,"column":1}},"line":35},"10":{"name":"(anonymous_10)","decl":{"start":{"line":57,"column":4},"end":{"line":57,"column":5}},"loc":{"start":{"line":57,"column":18},"end":{"line":60,"column":5}},"line":57},"11":{"name":"(anonymous_11)","decl":{"start":{"line":64,"column":4},"end":{"line":64,"column":5}},"loc":{"start":{"line":64,"column":19},"end":{"line":69,"column":5}},"line":64},"12":{"name":"(anonymous_12)","decl":{"start":{"line":73,"column":4},"end":{"line":73,"column":5}},"loc":{"start":{"line":73,"column":27},"end":{"line":91,"column":5}},"line":73},"13":{"name":"(anonymous_13)","decl":{"start":{"line":83,"column":20},"end":{"line":83,"column":21}},"loc":{"start":{"line":83,"column":50},"end":{"line":90,"column":9}},"line":83},"14":{"name":"(anonymous_14)","decl":{"start":{"line":95,"column":4},"end":{"line":95,"column":5}},"loc":{"start":{"line":95,"column":23},"end":{"line":108,"column":5}},"line":95},"15":{"name":"(anonymous_15)","decl":{"start":{"line":100,"column":20},"end":{"line":100,"column":21}},"loc":{"start":{"line":100,"column":33},"end":{"line":107,"column":9}},"line":100},"16":{"name":"(anonymous_16)","decl":{"start":{"line":112,"column":4},"end":{"line":112,"column":5}},"loc":{"start":{"line":112,"column":23},"end":{"line":127,"column":5}},"line":112},"17":{"name":"(anonymous_17)","decl":{"start":{"line":119,"column":20},"end":{"line":119,"column":21}},"loc":{"start":{"line":119,"column":50},"end":{"line":126,"column":9}},"line":119},"18":{"name":"(anonymous_18)","decl":{"start":{"line":131,"column":4},"end":{"line":131,"column":5}},"loc":{"start":{"line":131,"column":12},"end":{"line":133,"column":5}},"line":131},"19":{"name":"(anonymous_19)","decl":{"start":{"line":137,"column":4},"end":{"line":137,"column":5}},"loc":{"start":{"line":137,"column":52},"end":{"line":166,"column":5}},"line":137},"20":{"name":"(anonymous_20)","decl":{"start":{"line":170,"column":4},"end":{"line":170,"column":5}},"loc":{"start":{"line":170,"column":31},"end":{"line":180,"column":5}},"line":170},"21":{"name":"(anonymous_21)","decl":{"start":{"line":184,"column":4},"end":{"line":184,"column":5}},"loc":{"start":{"line":184,"column":48},"end":{"line":200,"column":5}},"line":184},"22":{"name":"(anonymous_22)","decl":{"start":{"line":204,"column":4},"end":{"line":204,"column":5}},"loc":{"start":{"line":204,"column":24},"end":{"line":215,"column":5}},"line":204},"23":{"name":"(anonymous_23)","decl":{"start":{"line":219,"column":4},"end":{"line":219,"column":5}},"loc":{"start":{"line":219,"column":27},"end":{"line":222,"column":5}},"line":219},"24":{"name":"(anonymous_24)","decl":{"start":{"line":226,"column":4},"end":{"line":226,"column":5}},"loc":{"start":{"line":226,"column":41},"end":{"line":233,"column":5}},"line":226},"25":{"name":"(anonymous_25)","decl":{"start":{"line":237,"column":4},"end":{"line":237,"column":5}},"loc":{"start":{"line":237,"column":48},"end":{"line":242,"column":5}},"line":237},"26":{"name":"(anonymous_26)","decl":{"start":{"line":246,"column":4},"end":{"line":246,"column":5}},"loc":{"start":{"line":246,"column":43},"end":{"line":252,"column":5}},"line":246},"27":{"name":"(anonymous_27)","decl":{"start":{"line":256,"column":4},"end":{"line":256,"column":5}},"loc":{"start":{"line":256,"column":31},"end":{"line":262,"column":5}},"line":256},"28":{"name":"(anonymous_28)","decl":{"start":{"line":266,"column":4},"end":{"line":266,"column":5}},"loc":{"start":{"line":266,"column":34},"end":{"line":273,"column":5}},"line":266},"29":{"name":"(anonymous_29)","decl":{"start":{"line":277,"column":4},"end":{"line":277,"column":5}},"loc":{"start":{"line":277,"column":27},"end":{"line":284,"column":5}},"line":277},"30":{"name":"(anonymous_30)","decl":{"start":{"line":288,"column":4},"end":{"line":288,"column":5}},"loc":{"start":{"line":288,"column":24},"end":{"line":290,"column":5}},"line":288},"31":{"name":"(anonymous_31)","decl":{"start":{"line":294,"column":4},"end":{"line":294,"column":5}},"loc":{"start":{"line":294,"column":66},"end":{"line":314,"column":5}},"line":294},"32":{"name":"(anonymous_32)","decl":{"start":{"line":318,"column":4},"end":{"line":318,"column":5}},"loc":{"start":{"line":318,"column":23},"end":{"line":321,"column":5}},"line":318}},"branchMap":{"0":{"loc":{"start":{"line":2,"column":22},"end":{"line":12,"column":3}},"type":"binary-expr","locations":[{"start":{"line":2,"column":23},"end":{"line":2,"column":27}},{"start":{"line":2,"column":31},"end":{"line":2,"column":51}},{"start":{"line":2,"column":57},"end":{"line":12,"column":2}}],"line":2},"1":{"loc":{"start":{"line":2,"column":57},"end":{"line":12,"column":2}},"type":"cond-expr","locations":[{"start":{"line":2,"column":74},"end":{"line":9,"column":1}},{"start":{"line":9,"column":6},"end":{"line":12,"column":1}}],"line":2},"2":{"loc":{"start":{"line":3,"column":4},"end":{"line":3,"column":33}},"type":"if","locations":[{"start":{"line":3,"column":4},"end":{"line":3,"column":33}},{"start":{},"end":{}}],"line":3},"3":{"loc":{"start":{"line":5,"column":4},"end":{"line":7,"column":5}},"type":"if","locations":[{"start":{"line":5,"column":4},"end":{"line":7,"column":5}},{"start":{},"end":{}}],"line":5},"4":{"loc":{"start":{"line":5,"column":8},"end":{"line":5,"column":85}},"type":"binary-expr","locations":[{"start":{"line":5,"column":8},"end":{"line":5,"column":13}},{"start":{"line":5,"column":18},"end":{"line":5,"column":84}}],"line":5},"5":{"loc":{"start":{"line":5,"column":18},"end":{"line":5,"column":84}},"type":"cond-expr","locations":[{"start":{"line":5,"column":34},"end":{"line":5,"column":47}},{"start":{"line":5,"column":50},"end":{"line":5,"column":84}}],"line":5},"6":{"loc":{"start":{"line":5,"column":50},"end":{"line":5,"column":84}},"type":"binary-expr","locations":[{"start":{"line":5,"column":50},"end":{"line":5,"column":63}},{"start":{"line":5,"column":67},"end":{"line":5,"column":84}}],"line":5},"7":{"loc":{"start":{"line":10,"column":4},"end":{"line":10,"column":33}},"type":"if","locations":[{"start":{"line":10,"column":4},"end":{"line":10,"column":33}},{"start":{},"end":{}}],"line":10},"8":{"loc":{"start":{"line":13,"column":25},"end":{"line":17,"column":2}},"type":"binary-expr","locations":[{"start":{"line":13,"column":26},"end":{"line":13,"column":30}},{"start":{"line":13,"column":34},"end":{"line":13,"column":57}},{"start":{"line":13,"column":63},"end":{"line":17,"column":1}}],"line":13},"9":{"loc":{"start":{"line":13,"column":63},"end":{"line":17,"column":1}},"type":"cond-expr","locations":[{"start":{"line":13,"column":80},"end":{"line":15,"column":1}},{"start":{"line":15,"column":5},"end":{"line":17,"column":1}}],"line":13},"10":{"loc":{"start":{"line":18,"column":19},"end":{"line":34,"column":4}},"type":"binary-expr","locations":[{"start":{"line":18,"column":20},"end":{"line":18,"column":24}},{"start":{"line":18,"column":28},"end":{"line":18,"column":45}},{"start":{"line":18,"column":50},"end":{"line":34,"column":4}}],"line":18},"11":{"loc":{"start":{"line":20,"column":18},"end":{"line":24,"column":9}},"type":"binary-expr","locations":[{"start":{"line":20,"column":18},"end":{"line":20,"column":44}},{"start":{"line":20,"column":48},"end":{"line":24,"column":9}}],"line":20},"12":{"loc":{"start":{"line":22,"column":29},"end":{"line":22,"column":95}},"type":"if","locations":[{"start":{"line":22,"column":29},"end":{"line":22,"column":95}},{"start":{},"end":{}}],"line":22},"13":{"loc":{"start":{"line":28,"column":8},"end":{"line":28,"column":46}},"type":"if","locations":[{"start":{"line":28,"column":8},"end":{"line":28,"column":46}},{"start":{},"end":{}}],"line":28},"14":{"loc":{"start":{"line":28,"column":12},"end":{"line":28,"column":33}},"type":"binary-expr","locations":[{"start":{"line":28,"column":12},"end":{"line":28,"column":15}},{"start":{"line":28,"column":19},"end":{"line":28,"column":33}}],"line":28},"15":{"loc":{"start":{"line":30,"column":8},"end":{"line":30,"column":137}},"type":"if","locations":[{"start":{"line":30,"column":8},"end":{"line":30,"column":137}},{"start":{},"end":{}}],"line":30},"16":{"loc":{"start":{"line":30,"column":78},"end":{"line":30,"column":137}},"type":"if","locations":[{"start":{"line":30,"column":78},"end":{"line":30,"column":137}},{"start":{},"end":{}}],"line":30},"17":{"loc":{"start":{"line":35,"column":22},"end":{"line":37,"column":1}},"type":"binary-expr","locations":[{"start":{"line":35,"column":23},"end":{"line":35,"column":27}},{"start":{"line":35,"column":31},"end":{"line":35,"column":51}},{"start":{"line":35,"column":56},"end":{"line":37,"column":1}}],"line":35},"18":{"loc":{"start":{"line":36,"column":11},"end":{"line":36,"column":61}},"type":"cond-expr","locations":[{"start":{"line":36,"column":37},"end":{"line":36,"column":40}},{"start":{"line":36,"column":43},"end":{"line":36,"column":61}}],"line":36},"19":{"loc":{"start":{"line":36,"column":12},"end":{"line":36,"column":33}},"type":"binary-expr","locations":[{"start":{"line":36,"column":12},"end":{"line":36,"column":15}},{"start":{"line":36,"column":19},"end":{"line":36,"column":33}}],"line":36},"20":{"loc":{"start":{"line":145,"column":8},"end":{"line":148,"column":9}},"type":"if","locations":[{"start":{"line":145,"column":8},"end":{"line":148,"column":9}},{"start":{},"end":{}}],"line":145},"21":{"loc":{"start":{"line":152,"column":8},"end":{"line":155,"column":9}},"type":"if","locations":[{"start":{"line":152,"column":8},"end":{"line":155,"column":9}},{"start":{},"end":{}}],"line":152},"22":{"loc":{"start":{"line":159,"column":8},"end":{"line":161,"column":9}},"type":"if","locations":[{"start":{"line":159,"column":8},"end":{"line":161,"column":9}},{"start":{},"end":{}}],"line":159},"23":{"loc":{"start":{"line":159,"column":12},"end":{"line":159,"column":53}},"type":"binary-expr","locations":[{"start":{"line":159,"column":12},"end":{"line":159,"column":35}},{"start":{"line":159,"column":39},"end":{"line":159,"column":53}}],"line":159},"24":{"loc":{"start":{"line":163,"column":8},"end":{"line":165,"column":9}},"type":"if","locations":[{"start":{"line":163,"column":8},"end":{"line":165,"column":9}},{"start":{},"end":{}}],"line":163},"25":{"loc":{"start":{"line":174,"column":8},"end":{"line":177,"column":9}},"type":"if","locations":[{"start":{"line":174,"column":8},"end":{"line":177,"column":9}},{"start":{},"end":{}}],"line":174},"26":{"loc":{"start":{"line":187,"column":8},"end":{"line":188,"column":47}},"type":"if","locations":[{"start":{"line":187,"column":8},"end":{"line":188,"column":47}},{"start":{},"end":{}}],"line":187},"27":{"loc":{"start":{"line":194,"column":8},"end":{"line":197,"column":9}},"type":"if","locations":[{"start":{"line":194,"column":8},"end":{"line":197,"column":9}},{"start":{},"end":{}}],"line":194},"28":{"loc":{"start":{"line":206,"column":8},"end":{"line":207,"column":33}},"type":"if","locations":[{"start":{"line":206,"column":8},"end":{"line":207,"column":33}},{"start":{},"end":{}}],"line":206},"29":{"loc":{"start":{"line":208,"column":8},"end":{"line":209,"column":44}},"type":"if","locations":[{"start":{"line":208,"column":8},"end":{"line":209,"column":44}},{"start":{},"end":{}}],"line":208},"30":{"loc":{"start":{"line":210,"column":8},"end":{"line":211,"column":47}},"type":"if","locations":[{"start":{"line":210,"column":8},"end":{"line":211,"column":47}},{"start":{},"end":{}}],"line":210},"31":{"loc":{"start":{"line":212,"column":8},"end":{"line":213,"column":66}},"type":"if","locations":[{"start":{"line":212,"column":8},"end":{"line":213,"column":66}},{"start":{},"end":{}}],"line":212},"32":{"loc":{"start":{"line":228,"column":8},"end":{"line":231,"column":9}},"type":"if","locations":[{"start":{"line":228,"column":8},"end":{"line":231,"column":9}},{"start":{},"end":{}}],"line":228},"33":{"loc":{"start":{"line":239,"column":8},"end":{"line":241,"column":9}},"type":"if","locations":[{"start":{"line":239,"column":8},"end":{"line":241,"column":9}},{"start":{},"end":{}}],"line":239},"34":{"loc":{"start":{"line":259,"column":8},"end":{"line":261,"column":9}},"type":"if","locations":[{"start":{"line":259,"column":8},"end":{"line":261,"column":9}},{"start":{},"end":{}}],"line":259},"35":{"loc":{"start":{"line":278,"column":28},"end":{"line":278,"column":78}},"type":"binary-expr","locations":[{"start":{"line":278,"column":28},"end":{"line":278,"column":34}},{"start":{"line":278,"column":38},"end":{"line":278,"column":78}}],"line":278},"36":{"loc":{"start":{"line":279,"column":8},"end":{"line":282,"column":9}},"type":"if","locations":[{"start":{"line":279,"column":8},"end":{"line":282,"column":9}},{"start":{},"end":{}}],"line":279},"37":{"loc":{"start":{"line":289,"column":15},"end":{"line":289,"column":112}},"type":"cond-expr","locations":[{"start":{"line":289,"column":35},"end":{"line":289,"column":72}},{"start":{"line":289,"column":75},"end":{"line":289,"column":112}}],"line":289},"38":{"loc":{"start":{"line":319,"column":53},"end":{"line":319,"column":99}},"type":"cond-expr","locations":[{"start":{"line":319,"column":78},"end":{"line":319,"column":91}},{"start":{"line":319,"column":94},"end":{"line":319,"column":99}}],"line":319}},"s":{"0":0,"1":0,"2":0,"3":0,"4":0,"5":0,"6":0,"7":0,"8":0,"9":0,"10":0,"11":0,"12":0,"13":0,"14":0,"15":0,"16":0,"17":0,"18":0,"19":0,"20":0,"21":0,"22":0,"23":0,"24":0,"25":0,"26":0,"27":0,"28":0,"29":0,"30":0,"31":0,"32":0,"33":0,"34":0,"35":0,"36":0,"37":0,"38":0,"39":0,"40":0,"41":0,"42":0,"43":0,"44":0,"45":0,"46":0,"47":0,"48":0,"49":0,"50":0,"51":0,"52":0,"53":0,"54":0,"55":0,"56":0,"57":0,"58":0,"59":0,"60":0,"61":0,"62":0,"63":0,"64":0,"65":0,"66":0,"67":0,"68":0,"69":0,"70":0,"71":0,"72":0,"73":0,"74":0,"75":0,"76":0,"77":0,"78":0,"79":0,"80":0,"81":0,"82":0,"83":0,"84":0,"85":0,"86":0,"87":0,"88":0,"89":0,"90":0,"91":0,"92":0,"93":0,"94":0,"95":0,"96":0,"97":0,"98":0,"99":0,"100":0,"101":0,"102":0,"103":0,"104":0,"105":0,"106":0,"107":0,"108":0,"109":0,"110":0,"111":0,"112":0,"113":0,"114":0,"115":0,"116":0,"117":0,"118":0,"119":0,"120":0,"121":0,"122":0,"123":0,"124":0,"125":0,"126":0,"127":0,"128":0,"129":0,"130":0,"131":0,"132":0,"133":0,"134":0,"135":0,"136":0,"137":0,"138":0,"139":0,"140":0,"141":0,"142":0,"143":0,"144":0,"145":0,"146":0,"147":0,"148":0,"149":0,"150":0,"151":0,"152":0,"153":0,"154":0,"155":0,"156":0,"157":0,"158":0,"159":0,"160":0,"161":0,"162":0,"163":0,"164":0,"165":0,"166":0,"167":0,"168":0,"169":0,"170":0,"171":0},"f":{"0":0,"1":0,"2":0,"3":0,"4":0,"5":0,"6":0,"7":0,"8":0,"9":0,"10":0,"11":0,"12":0,"13":0,"14":0,"15":0,"16":0,"17":0,"18":0,"19":0,"20":0,"21":0,"22":0,"23":0,"24":0,"25":0,"26":0,"27":0,"28":0,"29":0,"30":0,"31":0,"32":0},"b":{"0":[0,0,0],"1":[0,0],"2":[0,0],"3":[0,0],"4":[0,0],"5":[0,0],"6":[0,0],"7":[0,0],"8":[0,0,0],"9":[0,0],"10":[0,0,0],"11":[0,0],"12":[0,0],"13":[0,0],"14":[0,0],"15":[0,0],"16":[0,0],"17":[0,0,0],"18":[0,0],"19":[0,0],"20":[0,0],"21":[0,0],"22":[0,0],"23":[0,0],"24":[0,0],"25":[0,0],"26":[0,0],"27":[0,0],"28":[0,0],"29":[0,0],"30":[0,0],"31":[0,0],"32":[0,0],"33":[0,0],"34":[0,0],"35":[0,0],"36":[0,0],"37":[0,0],"38":[0,0]}}
,"D:\\orderly\\src\\cli\\constants.ts": {"path":"D:\\orderly\\src\\cli\\constants.ts","statementMap":{"0":{"start":{"line":5,"column":0},"end":{"line":5,"column":62}},"1":{"start":{"line":6,"column":0},"end":{"line":6,"column":31}},"2":{"start":{"line":7,"column":0},"end":{"line":18,"column":2}}},"fnMap":{},"branchMap":{},"s":{"0":0,"1":0,"2":0},"f":{},"b":{}}
,"D:\\orderly\\src\\cli\\interfaces.ts": {"path":"D:\\orderly\\src\\cli\\interfaces.ts","statementMap":{"0":{"start":{"line":2,"column":0},"end":{"line":2,"column":62}}},"fnMap":{},"branchMap":{},"s":{"0":0},"f":{},"b":{}}
,"D:\\orderly\\src\\cli\\commands\\init.command.ts": {"path":"D:\\orderly\\src\\cli\\commands\\init.command.ts","statementMap":{"0":{"start":{"line":2,"column":22},"end":{"line":12,"column":3}},"1":{"start":{"line":3,"column":4},"end":{"line":3,"column":33}},"2":{"start":{"line":3,"column":26},"end":{"line":3,"column":33}},"3":{"start":{"line":4,"column":15},"end":{"line":4,"column":52}},"4":{"start":{"line":5,"column":4},"end":{"line":7,"column":5}},"5":{"start":{"line":6,"column":6},"end":{"line":6,"column":68}},"6":{"start":{"line":6,"column":51},"end":{"line":6,"column":63}},"7":{"start":{"line":8,"column":4},"end":{"line":8,"column":39}},"8":{"start":{"line":10,"column":4},"end":{"line":10,"column":33}},"9":{"start":{"line":10,"column":26},"end":{"line":10,"column":33}},"10":{"start":{"line":11,"column":4},"end":{"line":11,"column":17}},"11":{"start":{"line":13,"column":25},"end":{"line":17,"column":2}},"12":{"start":{"line":14,"column":4},"end":{"line":14,"column":72}},"13":{"start":{"line":16,"column":4},"end":{"line":16,"column":21}},"14":{"start":{"line":18,"column":19},"end":{"line":34,"column":4}},"15":{"start":{"line":19,"column":18},"end":{"line":26,"column":5}},"16":{"start":{"line":20,"column":8},"end":{"line":24,"column":10}},"17":{"start":{"line":21,"column":21},"end":{"line":21,"column":23}},"18":{"start":{"line":22,"column":12},"end":{"line":22,"column":95}},"19":{"start":{"line":22,"column":29},"end":{"line":22,"column":95}},"20":{"start":{"line":22,"column":77},"end":{"line":22,"column":95}},"21":{"start":{"line":23,"column":12},"end":{"line":23,"column":22}},"22":{"start":{"line":25,"column":8},"end":{"line":25,"column":26}},"23":{"start":{"line":27,"column":4},"end":{"line":33,"column":6}},"24":{"start":{"line":28,"column":8},"end":{"line":28,"column":46}},"25":{"start":{"line":28,"column":35},"end":{"line":28,"column":46}},"26":{"start":{"line":29,"column":21},"end":{"line":29,"column":23}},"27":{"start":{"line":30,"column":8},"end":{"line":30,"column":137}},"28":{"start":{"line":30,"column":25},"end":{"line":30,"column":137}},"29":{"start":{"line":30,"column":38},"end":{"line":30,"column":50}},"30":{"start":{"line":30,"column":56},"end":{"line":30,"column":57}},"31":{"start":{"line":30,"column":78},"end":{"line":30,"column":137}},"32":{"start":{"line":30,"column":102},"end":{"line":30,"column":137}},"33":{"start":{"line":31,"column":8},"end":{"line":31,"column":40}},"34":{"start":{"line":32,"column":8},"end":{"line":32,"column":22}},"35":{"start":{"line":35,"column":0},"end":{"line":35,"column":62}},"36":{"start":{"line":36,"column":0},"end":{"line":36,"column":29}},"37":{"start":{"line":37,"column":13},"end":{"line":37,"column":47}},"38":{"start":{"line":38,"column":24},"end":{"line":38,"column":61}},"39":{"start":{"line":39,"column":16},"end":{"line":39,"column":45}},"40":{"start":{"line":50,"column":8},"end":{"line":75,"column":9}},"41":{"start":{"line":51,"column":27},"end":{"line":51,"column":51}},"42":{"start":{"line":52,"column":31},"end":{"line":52,"column":57}},"43":{"start":{"line":54,"column":12},"end":{"line":60,"column":13}},"44":{"start":{"line":55,"column":16},"end":{"line":59,"column":19}},"45":{"start":{"line":62,"column":12},"end":{"line":62,"column":82}},"46":{"start":{"line":63,"column":12},"end":{"line":67,"column":15}},"47":{"start":{"line":70,"column":12},"end":{"line":74,"column":15}},"48":{"start":{"line":83,"column":26},"end":{"line":83,"column":61}},"49":{"start":{"line":84,"column":8},"end":{"line":84,"column":60}},"50":{"start":{"line":92,"column":8},"end":{"line":98,"column":9}},"51":{"start":{"line":93,"column":12},"end":{"line":93,"column":58}},"52":{"start":{"line":94,"column":12},"end":{"line":94,"column":24}},"53":{"start":{"line":97,"column":12},"end":{"line":97,"column":25}},"54":{"start":{"line":101,"column":0},"end":{"line":101,"column":34}}},"fnMap":{"0":{"name":"(anonymous_0)","decl":{"start":{"line":2,"column":74},"end":{"line":2,"column":75}},"loc":{"start":{"line":2,"column":96},"end":{"line":9,"column":1}},"line":2},"1":{"name":"(anonymous_1)","decl":{"start":{"line":6,"column":38},"end":{"line":6,"column":39}},"loc":{"start":{"line":6,"column":49},"end":{"line":6,"column":65}},"line":6},"2":{"name":"(anonymous_2)","decl":{"start":{"line":9,"column":6},"end":{"line":9,"column":7}},"loc":{"start":{"line":9,"column":28},"end":{"line":12,"column":1}},"line":9},"3":{"name":"(anonymous_3)","decl":{"start":{"line":13,"column":80},"end":{"line":13,"column":81}},"loc":{"start":{"line":13,"column":95},"end":{"line":15,"column":1}},"line":13},"4":{"name":"(anonymous_4)","decl":{"start":{"line":15,"column":5},"end":{"line":15,"column":6}},"loc":{"start":{"line":15,"column":20},"end":{"line":17,"column":1}},"line":15},"5":{"name":"(anonymous_5)","decl":{"start":{"line":18,"column":51},"end":{"line":18,"column":52}},"loc":{"start":{"line":18,"column":63},"end":{"line":34,"column":1}},"line":18},"6":{"name":"(anonymous_6)","decl":{"start":{"line":19,"column":18},"end":{"line":19,"column":19}},"loc":{"start":{"line":19,"column":30},"end":{"line":26,"column":5}},"line":19},"7":{"name":"(anonymous_7)","decl":{"start":{"line":20,"column":48},"end":{"line":20,"column":49}},"loc":{"start":{"line":20,"column":61},"end":{"line":24,"column":9}},"line":20},"8":{"name":"(anonymous_8)","decl":{"start":{"line":27,"column":11},"end":{"line":27,"column":12}},"loc":{"start":{"line":27,"column":26},"end":{"line":33,"column":5}},"line":27},"9":{"name":"(anonymous_9)","decl":{"start":{"line":49,"column":4},"end":{"line":49,"column":5}},"loc":{"start":{"line":49,"column":21},"end":{"line":76,"column":5}},"line":49},"10":{"name":"(anonymous_10)","decl":{"start":{"line":82,"column":4},"end":{"line":82,"column":5}},"loc":{"start":{"line":82,"column":26},"end":{"line":85,"column":5}},"line":82},"11":{"name":"(anonymous_11)","decl":{"start":{"line":91,"column":4},"end":{"line":91,"column":5}},"loc":{"start":{"line":91,"column":29},"end":{"line":99,"column":5}},"line":91}},"branchMap":{"0":{"loc":{"start":{"line":2,"column":22},"end":{"line":12,"column":3}},"type":"binary-expr","locations":[{"start":{"line":2,"column":23},"end":{"line":2,"column":27}},{"start":{"line":2,"column":31},"end":{"line":2,"column":51}},{"start":{"line":2,"column":57},"end":{"line":12,"column":2}}],"line":2},"1":{"loc":{"start":{"line":2,"column":57},"end":{"line":12,"column":2}},"type":"cond-expr","locations":[{"start":{"line":2,"column":74},"end":{"line":9,"column":1}},{"start":{"line":9,"column":6},"end":{"line":12,"column":1}}],"line":2},"2":{"loc":{"start":{"line":3,"column":4},"end":{"line":3,"column":33}},"type":"if","locations":[{"start":{"line":3,"column":4},"end":{"line":3,"column":33}},{"start":{},"end":{}}],"line":3},"3":{"loc":{"start":{"line":5,"column":4},"end":{"line":7,"column":5}},"type":"if","locations":[{"start":{"line":5,"column":4},"end":{"line":7,"column":5}},{"start":{},"end":{}}],"line":5},"4":{"loc":{"start":{"line":5,"column":8},"end":{"line":5,"column":85}},"type":"binary-expr","locations":[{"start":{"line":5,"column":8},"end":{"line":5,"column":13}},{"start":{"line":5,"column":18},"end":{"line":5,"column":84}}],"line":5},"5":{"loc":{"start":{"line":5,"column":18},"end":{"line":5,"column":84}},"type":"cond-expr","locations":[{"start":{"line":5,"column":34},"end":{"line":5,"column":47}},{"start":{"line":5,"column":50},"end":{"line":5,"column":84}}],"line":5},"6":{"loc":{"start":{"line":5,"column":50},"end":{"line":5,"column":84}},"type":"binary-expr","locations":[{"start":{"line":5,"column":50},"end":{"line":5,"column":63}},{"start":{"line":5,"column":67},"end":{"line":5,"column":84}}],"line":5},"7":{"loc":{"start":{"line":10,"column":4},"end":{"line":10,"column":33}},"type":"if","locations":[{"start":{"line":10,"column":4},"end":{"line":10,"column":33}},{"start":{},"end":{}}],"line":10},"8":{"loc":{"start":{"line":13,"column":25},"end":{"line":17,"column":2}},"type":"binary-expr","locations":[{"start":{"line":13,"column":26},"end":{"line":13,"column":30}},{"start":{"line":13,"column":34},"end":{"line":13,"column":57}},{"start":{"line":13,"column":63},"end":{"line":17,"column":1}}],"line":13},"9":{"loc":{"start":{"line":13,"column":63},"end":{"line":17,"column":1}},"type":"cond-expr","locations":[{"start":{"line":13,"column":80},"end":{"line":15,"column":1}},{"start":{"line":15,"column":5},"end":{"line":17,"column":1}}],"line":13},"10":{"loc":{"start":{"line":18,"column":19},"end":{"line":34,"column":4}},"type":"binary-expr","locations":[{"start":{"line":18,"column":20},"end":{"line":18,"column":24}},{"start":{"line":18,"column":28},"end":{"line":18,"column":45}},{"start":{"line":18,"column":50},"end":{"line":34,"column":4}}],"line":18},"11":{"loc":{"start":{"line":20,"column":18},"end":{"line":24,"column":9}},"type":"binary-expr","locations":[{"start":{"line":20,"column":18},"end":{"line":20,"column":44}},{"start":{"line":20,"column":48},"end":{"line":24,"column":9}}],"line":20},"12":{"loc":{"start":{"line":22,"column":29},"end":{"line":22,"column":95}},"type":"if","locations":[{"start":{"line":22,"column":29},"end":{"line":22,"column":95}},{"start":{},"end":{}}],"line":22},"13":{"loc":{"start":{"line":28,"column":8},"end":{"line":28,"column":46}},"type":"if","locations":[{"start":{"line":28,"column":8},"end":{"line":28,"column":46}},{"start":{},"end":{}}],"line":28},"14":{"loc":{"start":{"line":28,"column":12},"end":{"line":28,"column":33}},"type":"binary-expr","locations":[{"start":{"line":28,"column":12},"end":{"line":28,"column":15}},{"start":{"line":28,"column":19},"end":{"line":28,"column":33}}],"line":28},"15":{"loc":{"start":{"line":30,"column":8},"end":{"line":30,"column":137}},"type":"if","locations":[{"start":{"line":30,"column":8},"end":{"line":30,"column":137}},{"start":{},"end":{}}],"line":30},"16":{"loc":{"start":{"line":30,"column":78},"end":{"line":30,"column":137}},"type":"if","locations":[{"start":{"line":30,"column":78},"end":{"line":30,"column":137}},{"start":{},"end":{}}],"line":30},"17":{"loc":{"start":{"line":51,"column":27},"end":{"line":51,"column":51}},"type":"binary-expr","locations":[{"start":{"line":51,"column":27},"end":{"line":51,"column":41}},{"start":{"line":51,"column":45},"end":{"line":51,"column":51}}],"line":51},"18":{"loc":{"start":{"line":54,"column":12},"end":{"line":60,"column":13}},"type":"if","locations":[{"start":{"line":54,"column":12},"end":{"line":60,"column":13}},{"start":{},"end":{}}],"line":54},"19":{"loc":{"start":{"line":73,"column":41},"end":{"line":73,"column":95}},"type":"cond-expr","locations":[{"start":{"line":73,"column":66},"end":{"line":73,"column":79}},{"start":{"line":73,"column":82},"end":{"line":73,"column":95}}],"line":73},"20":{"loc":{"start":{"line":83,"column":26},"end":{"line":83,"column":61}},"type":"cond-expr","locations":[{"start":{"line":83,"column":46},"end":{"line":83,"column":52}},{"start":{"line":83,"column":55},"end":{"line":83,"column":61}}],"line":83}},"s":{"0":0,"1":0,"2":0,"3":0,"4":0,"5":0,"6":0,"7":0,"8":0,"9":0,"10":0,"11":0,"12":0,"13":0,"14":0,"15":0,"16":0,"17":0,"18":0,"19":0,"20":0,"21":0,"22":0,"23":0,"24":0,"25":0,"26":0,"27":0,"28":0,"29":0,"30":0,"31":0,"32":0,"33":0,"34":0,"35":0,"36":0,"37":0,"38":0,"39":0,"40":0,"41":0,"42":0,"43":0,"44":0,"45":0,"46":0,"47":0,"48":0,"49":0,"50":0,"51":0,"52":0,"53":0,"54":0},"f":{"0":0,"1":0,"2":0,"3":0,"4":0,"5":0,"6":0,"7":0,"8":0,"9":0,"10":0,"11":0},"b":{"0":[0,0,0],"1":[0,0],"2":[0,0],"3":[0,0],"4":[0,0],"5":[0,0],"6":[0,0],"7":[0,0],"8":[0,0,0],"9":[0,0],"10":[0,0,0],"11":[0,0],"12":[0,0],"13":[0,0],"14":[0,0],"15":[0,0],"16":[0,0],"17":[0,0],"18":[0,0],"19":[0,0],"20":[0,0]}}
,"D:\\orderly\\src\\cli\\commands\\organize.command.ts": {"path":"D:\\orderly\\src\\cli\\commands\\organize.command.ts","statementMap":{"0":{"start":{"line":2,"column":0},"end":{"line":2,"column":62}},"1":{"start":{"line":3,"column":0},"end":{"line":3,"column":33}},"2":{"start":{"line":4,"column":17},"end":{"line":4,"column":40}},"3":{"start":{"line":5,"column":25},"end":{"line":5,"column":63}},"4":{"start":{"line":6,"column":17},"end":{"line":6,"column":47}},"5":{"start":{"line":7,"column":25},"end":{"line":7,"column":66}},"6":{"start":{"line":8,"column":23},"end":{"line":8,"column":60}},"7":{"start":{"line":20,"column":8},"end":{"line":20,"column":43}},"8":{"start":{"line":21,"column":8},"end":{"line":21,"column":53}},"9":{"start":{"line":22,"column":8},"end":{"line":22,"column":47}},"10":{"start":{"line":31,"column":8},"end":{"line":73,"column":9}},"11":{"start":{"line":33,"column":27},"end":{"line":33,"column":72}},"12":{"start":{"line":35,"column":30},"end":{"line":35,"column":73}},"13":{"start":{"line":37,"column":27},"end":{"line":37,"column":63}},"14":{"start":{"line":39,"column":28},"end":{"line":39,"column":74}},"15":{"start":{"line":40,"column":30},"end":{"line":40,"column":91}},"16":{"start":{"line":42,"column":26},"end":{"line":42,"column":55}},"17":{"start":{"line":43,"column":12},"end":{"line":43,"column":66}},"18":{"start":{"line":45,"column":34},"end":{"line":45,"column":39}},"19":{"start":{"line":46,"column":12},"end":{"line":48,"column":13}},"20":{"start":{"line":47,"column":16},"end":{"line":47,"column":86}},"21":{"start":{"line":50,"column":31},"end":{"line":50,"column":72}},"22":{"start":{"line":51,"column":12},"end":{"line":51,"column":67}},"23":{"start":{"line":53,"column":27},"end":{"line":53,"column":66}},"24":{"start":{"line":55,"column":12},"end":{"line":58,"column":13}},"25":{"start":{"line":56,"column":16},"end":{"line":56,"column":70}},"26":{"start":{"line":57,"column":16},"end":{"line":57,"column":51}},"27":{"start":{"line":60,"column":12},"end":{"line":60,"column":44}},"28":{"start":{"line":61,"column":12},"end":{"line":65,"column":14}},"29":{"start":{"line":68,"column":12},"end":{"line":72,"column":14}},"30":{"start":{"line":81,"column":8},"end":{"line":81,"column":102}},"31":{"start":{"line":82,"column":8},"end":{"line":83,"column":19}},"32":{"start":{"line":83,"column":12},"end":{"line":83,"column":19}},"33":{"start":{"line":84,"column":8},"end":{"line":84,"column":83}},"34":{"start":{"line":85,"column":8},"end":{"line":87,"column":11}},"35":{"start":{"line":86,"column":12},"end":{"line":86,"column":73}},"36":{"start":{"line":97,"column":8},"end":{"line":97,"column":54}},"37":{"start":{"line":98,"column":30},"end":{"line":98,"column":90}},"38":{"start":{"line":99,"column":29},"end":{"line":99,"column":70}},"39":{"start":{"line":100,"column":8},"end":{"line":100,"column":117}},"40":{"start":{"line":101,"column":8},"end":{"line":103,"column":9}},"41":{"start":{"line":102,"column":12},"end":{"line":102,"column":25}},"42":{"start":{"line":104,"column":30},"end":{"line":104,"column":97}},"43":{"start":{"line":105,"column":30},"end":{"line":105,"column":90}},"44":{"start":{"line":106,"column":8},"end":{"line":106,"column":104}},"45":{"start":{"line":108,"column":8},"end":{"line":113,"column":9}},"46":{"start":{"line":109,"column":35},"end":{"line":109,"column":118}},"47":{"start":{"line":109,"column":80},"end":{"line":109,"column":116}},"48":{"start":{"line":109,"column":101},"end":{"line":109,"column":115}},"49":{"start":{"line":110,"column":34},"end":{"line":110,"column":94}},"50":{"start":{"line":110,"column":55},"end":{"line":110,"column":93}},"51":{"start":{"line":111,"column":12},"end":{"line":111,"column":95}},"52":{"start":{"line":112,"column":12},"end":{"line":112,"column":33}},"53":{"start":{"line":114,"column":8},"end":{"line":114,"column":21}},"54":{"start":{"line":117,"column":0},"end":{"line":117,"column":42}}},"fnMap":{"0":{"name":"(anonymous_0)","decl":{"start":{"line":19,"column":4},"end":{"line":19,"column":5}},"loc":{"start":{"line":19,"column":68},"end":{"line":23,"column":5}},"line":19},"1":{"name":"(anonymous_1)","decl":{"start":{"line":30,"column":4},"end":{"line":30,"column":5}},"loc":{"start":{"line":30,"column":38},"end":{"line":74,"column":5}},"line":30},"2":{"name":"(anonymous_2)","decl":{"start":{"line":80,"column":4},"end":{"line":80,"column":5}},"loc":{"start":{"line":80,"column":31},"end":{"line":88,"column":5}},"line":80},"3":{"name":"(anonymous_3)","decl":{"start":{"line":85,"column":30},"end":{"line":85,"column":31}},"loc":{"start":{"line":85,"column":48},"end":{"line":87,"column":9}},"line":85},"4":{"name":"(anonymous_4)","decl":{"start":{"line":96,"column":4},"end":{"line":96,"column":5}},"loc":{"start":{"line":96,"column":51},"end":{"line":115,"column":5}},"line":96},"5":{"name":"(anonymous_5)","decl":{"start":{"line":109,"column":71},"end":{"line":109,"column":72}},"loc":{"start":{"line":109,"column":80},"end":{"line":109,"column":116}},"line":109},"6":{"name":"(anonymous_6)","decl":{"start":{"line":109,"column":96},"end":{"line":109,"column":97}},"loc":{"start":{"line":109,"column":101},"end":{"line":109,"column":115}},"line":109},"7":{"name":"(anonymous_7)","decl":{"start":{"line":110,"column":47},"end":{"line":110,"column":48}},"loc":{"start":{"line":110,"column":55},"end":{"line":110,"column":93}},"line":110}},"branchMap":{"0":{"loc":{"start":{"line":46,"column":12},"end":{"line":48,"column":13}},"type":"if","locations":[{"start":{"line":46,"column":12},"end":{"line":48,"column":13}},{"start":{},"end":{}}],"line":46},"1":{"loc":{"start":{"line":55,"column":12},"end":{"line":58,"column":13}},"type":"if","locations":[{"start":{"line":55,"column":12},"end":{"line":58,"column":13}},{"start":{},"end":{}}],"line":55},"2":{"loc":{"start":{"line":71,"column":49},"end":{"line":71,"column":103}},"type":"cond-expr","locations":[{"start":{"line":71,"column":74},"end":{"line":71,"column":87}},{"start":{"line":71,"column":90},"end":{"line":71,"column":103}}],"line":71},"3":{"loc":{"start":{"line":82,"column":8},"end":{"line":83,"column":19}},"type":"if","locations":[{"start":{"line":82,"column":8},"end":{"line":83,"column":19}},{"start":{},"end":{}}],"line":82},"4":{"loc":{"start":{"line":101,"column":8},"end":{"line":103,"column":9}},"type":"if","locations":[{"start":{"line":101,"column":8},"end":{"line":103,"column":9}},{"start":{},"end":{}}],"line":101},"5":{"loc":{"start":{"line":108,"column":8},"end":{"line":113,"column":9}},"type":"if","locations":[{"start":{"line":108,"column":8},"end":{"line":113,"column":9}},{"start":{},"end":{}}],"line":108}},"s":{"0":0,"1":0,"2":0,"3":0,"4":0,"5":0,"6":0,"7":0,"8":0,"9":0,"10":0,"11":0,"12":0,"13":0,"14":0,"15":0,"16":0,"17":0,"18":0,"19":0,"20":0,"21":0,"22":0,"23":0,"24":0,"25":0,"26":0,"27":0,"28":0,"29":0,"30":0,"31":0,"32":0,"33":0,"34":0,"35":0,"36":0,"37":0,"38":0,"39":0,"40":0,"41":0,"42":0,"43":0,"44":0,"45":0,"46":0,"47":0,"48":0,"49":0,"50":0,"51":0,"52":0,"53":0,"54":0},"f":{"0":0,"1":0,"2":0,"3":0,"4":0,"5":0,"6":0,"7":0},"b":{"0":[0,0],"1":[0,0],"2":[0,0],"3":[0,0],"4":[0,0],"5":[0,0]}}
,"D:\\orderly\\src\\cli\\commands\\scan.command.ts": {"path":"D:\\orderly\\src\\cli\\commands\\scan.command.ts","statementMap":{"0":{"start":{"line":2,"column":0},"end":{"line":2,"column":62}},"1":{"start":{"line":3,"column":0},"end":{"line":3,"column":29}},"2":{"start":{"line":4,"column":17},"end":{"line":4,"column":47}},"3":{"start":{"line":5,"column":23},"end":{"line":5,"column":60}},"4":{"start":{"line":16,"column":8},"end":{"line":16,"column":43}},"5":{"start":{"line":17,"column":8},"end":{"line":17,"column":53}},"6":{"start":{"line":26,"column":8},"end":{"line":51,"column":9}},"7":{"start":{"line":28,"column":27},"end":{"line":28,"column":72}},"8":{"start":{"line":30,"column":30},"end":{"line":30,"column":73}},"9":{"start":{"line":32,"column":27},"end":{"line":32,"column":63}},"10":{"start":{"line":34,"column":28},"end":{"line":34,"column":74}},"11":{"start":{"line":36,"column":26},"end":{"line":36,"column":55}},"12":{"start":{"line":38,"column":12},"end":{"line":38,"column":56}},"13":{"start":{"line":39,"column":12},"end":{"line":43,"column":14}},"14":{"start":{"line":46,"column":12},"end":{"line":50,"column":14}},"15":{"start":{"line":61,"column":8},"end":{"line":61,"column":60}},"16":{"start":{"line":62,"column":8},"end":{"line":62,"column":53}},"17":{"start":{"line":63,"column":24},"end":{"line":63,"column":57}},"18":{"start":{"line":64,"column":8},"end":{"line":64,"column":40}},"19":{"start":{"line":65,"column":8},"end":{"line":67,"column":11}},"20":{"start":{"line":66,"column":12},"end":{"line":66,"column":51}},"21":{"start":{"line":68,"column":8},"end":{"line":70,"column":9}},"22":{"start":{"line":69,"column":12},"end":{"line":69,"column":19}},"23":{"start":{"line":71,"column":8},"end":{"line":71,"column":39}},"24":{"start":{"line":72,"column":28},"end":{"line":72,"column":45}},"25":{"start":{"line":73,"column":8},"end":{"line":75,"column":11}},"26":{"start":{"line":74,"column":12},"end":{"line":74,"column":98}},"27":{"start":{"line":76,"column":8},"end":{"line":78,"column":9}},"28":{"start":{"line":77,"column":12},"end":{"line":77,"column":68}},"29":{"start":{"line":81,"column":0},"end":{"line":81,"column":34}}},"fnMap":{"0":{"name":"(anonymous_0)","decl":{"start":{"line":15,"column":4},"end":{"line":15,"column":5}},"loc":{"start":{"line":15,"column":51},"end":{"line":18,"column":5}},"line":15},"1":{"name":"(anonymous_1)","decl":{"start":{"line":25,"column":4},"end":{"line":25,"column":5}},"loc":{"start":{"line":25,"column":38},"end":{"line":52,"column":5}},"line":25},"2":{"name":"(anonymous_2)","decl":{"start":{"line":60,"column":4},"end":{"line":60,"column":5}},"loc":{"start":{"line":60,"column":44},"end":{"line":79,"column":5}},"line":60},"3":{"name":"(anonymous_3)","decl":{"start":{"line":65,"column":24},"end":{"line":65,"column":25}},"loc":{"start":{"line":65,"column":45},"end":{"line":67,"column":9}},"line":65},"4":{"name":"(anonymous_4)","decl":{"start":{"line":73,"column":28},"end":{"line":73,"column":29}},"loc":{"start":{"line":73,"column":45},"end":{"line":75,"column":9}},"line":73}},"branchMap":{"0":{"loc":{"start":{"line":49,"column":41},"end":{"line":49,"column":95}},"type":"cond-expr","locations":[{"start":{"line":49,"column":66},"end":{"line":49,"column":79}},{"start":{"line":49,"column":82},"end":{"line":49,"column":95}}],"line":49},"1":{"loc":{"start":{"line":68,"column":8},"end":{"line":70,"column":9}},"type":"if","locations":[{"start":{"line":68,"column":8},"end":{"line":70,"column":9}},{"start":{},"end":{}}],"line":68},"2":{"loc":{"start":{"line":74,"column":61},"end":{"line":74,"column":93}},"type":"binary-expr","locations":[{"start":{"line":74,"column":61},"end":{"line":74,"column":74}},{"start":{"line":74,"column":78},"end":{"line":74,"column":93}}],"line":74},"3":{"loc":{"start":{"line":76,"column":8},"end":{"line":78,"column":9}},"type":"if","locations":[{"start":{"line":76,"column":8},"end":{"line":78,"column":9}},{"start":{},"end":{}}],"line":76}},"s":{"0":0,"1":0,"2":0,"3":0,"4":0,"5":0,"6":0,"7":0,"8":0,"9":0,"10":0,"11":0,"12":0,"13":0,"14":0,"15":0,"16":0,"17":0,"18":0,"19":0,"20":0,"21":0,"22":0,"23":0,"24":0,"25":0,"26":0,"27":0,"28":0,"29":0},"f":{"0":0,"1":0,"2":0,"3":0,"4":0},"b":{"0":[0,0],"1":[0,0],"2":[0,0],"3":[0,0]}}
,"D:\\orderly\\src\\cli\\services\\config.service.ts": {"path":"D:\\orderly\\src\\cli\\services\\config.service.ts","statementMap":{"0":{"start":{"line":2,"column":0},"end":{"line":2,"column":62}},"1":{"start":{"line":3,"column":0},"end":{"line":3,"column":31}},"2":{"start":{"line":4,"column":24},"end":{"line":4,"column":61}},"3":{"start":{"line":5,"column":16},"end":{"line":5,"column":45}},"4":{"start":{"line":6,"column":18},"end":{"line":6,"column":48}},"5":{"start":{"line":17,"column":27},"end":{"line":17,"column":41}},"6":{"start":{"line":18,"column":27},"end":{"line":18,"column":123}},"7":{"start":{"line":19,"column":8},"end":{"line":19,"column":56}},"8":{"start":{"line":28,"column":25},"end":{"line":30,"column":33}},"9":{"start":{"line":31,"column":29},"end":{"line":34,"column":39}},"10":{"start":{"line":35,"column":23},"end":{"line":39,"column":9}},"11":{"start":{"line":40,"column":8},"end":{"line":42,"column":9}},"12":{"start":{"line":41,"column":12},"end":{"line":41,"column":101}},"13":{"start":{"line":43,"column":8},"end":{"line":43,"column":22}},"14":{"start":{"line":52,"column":30},"end":{"line":57,"column":9}},"15":{"start":{"line":58,"column":8},"end":{"line":63,"column":10}},"16":{"start":{"line":66,"column":0},"end":{"line":66,"column":38}}},"fnMap":{"0":{"name":"(anonymous_0)","decl":{"start":{"line":16,"column":4},"end":{"line":16,"column":5}},"loc":{"start":{"line":16,"column":31},"end":{"line":20,"column":5}},"line":16},"1":{"name":"(anonymous_1)","decl":{"start":{"line":27,"column":4},"end":{"line":27,"column":5}},"loc":{"start":{"line":27,"column":40},"end":{"line":44,"column":5}},"line":27},"2":{"name":"(anonymous_2)","decl":{"start":{"line":51,"column":4},"end":{"line":51,"column":5}},"loc":{"start":{"line":51,"column":52},"end":{"line":64,"column":5}},"line":51}},"branchMap":{"0":{"loc":{"start":{"line":18,"column":27},"end":{"line":18,"column":123}},"type":"cond-expr","locations":[{"start":{"line":18,"column":40},"end":{"line":18,"column":85}},{"start":{"line":18,"column":88},"end":{"line":18,"column":123}}],"line":18},"1":{"loc":{"start":{"line":28,"column":25},"end":{"line":30,"column":33}},"type":"cond-expr","locations":[{"start":{"line":29,"column":14},"end":{"line":29,"column":30}},{"start":{"line":30,"column":14},"end":{"line":30,"column":33}}],"line":28},"2":{"loc":{"start":{"line":28,"column":25},"end":{"line":28,"column":105}},"type":"binary-expr","locations":[{"start":{"line":28,"column":25},"end":{"line":28,"column":41}},{"start":{"line":28,"column":45},"end":{"line":28,"column":105}}],"line":28},"3":{"loc":{"start":{"line":31,"column":29},"end":{"line":34,"column":39}},"type":"cond-expr","locations":[{"start":{"line":33,"column":14},"end":{"line":33,"column":34}},{"start":{"line":34,"column":14},"end":{"line":34,"column":39}}],"line":31},"4":{"loc":{"start":{"line":31,"column":29},"end":{"line":32,"column":78}},"type":"binary-expr","locations":[{"start":{"line":31,"column":29},"end":{"line":31,"column":49}},{"start":{"line":32,"column":12},"end":{"line":32,"column":78}}],"line":31},"5":{"loc":{"start":{"line":37,"column":20},"end":{"line":37,"column":55}},"type":"binary-expr","locations":[{"start":{"line":37,"column":20},"end":{"line":37,"column":34}},{"start":{"line":37,"column":38},"end":{"line":37,"column":55}}],"line":37},"6":{"loc":{"start":{"line":40,"column":8},"end":{"line":42,"column":9}},"type":"if","locations":[{"start":{"line":40,"column":8},"end":{"line":42,"column":9}},{"start":{},"end":{}}],"line":40},"7":{"loc":{"start":{"line":40,"column":12},"end":{"line":40,"column":78}},"type":"binary-expr","locations":[{"start":{"line":40,"column":12},"end":{"line":40,"column":40}},{"start":{"line":40,"column":44},"end":{"line":40,"column":78}}],"line":40},"8":{"loc":{"start":{"line":61,"column":21},"end":{"line":61,"column":59}},"type":"binary-expr","locations":[{"start":{"line":61,"column":21},"end":{"line":61,"column":28}},{"start":{"line":61,"column":32},"end":{"line":61,"column":51}},{"start":{"line":61,"column":55},"end":{"line":61,"column":59}}],"line":61},"9":{"loc":{"start":{"line":62,"column":20},"end":{"line":62,"column":77}},"type":"binary-expr","locations":[{"start":{"line":62,"column":20},"end":{"line":62,"column":26}},{"start":{"line":62,"column":30},"end":{"line":62,"column":48}},{"start":{"line":62,"column":52},"end":{"line":62,"column":77}}],"line":62}},"s":{"0":0,"1":0,"2":0,"3":0,"4":0,"5":0,"6":0,"7":0,"8":0,"9":0,"10":0,"11":0,"12":0,"13":0,"14":0,"15":0,"16":0},"f":{"0":0,"1":0,"2":0},"b":{"0":[0,0],"1":[0,0],"2":[0,0],"3":[0,0],"4":[0,0],"5":[0,0],"6":[0,0],"7":[0,0],"8":[0,0,0],"9":[0,0,0]}}
,"D:\\orderly\\src\\cli\\services\\directory-validator.service.ts": {"path":"D:\\orderly\\src\\cli\\services\\directory-validator.service.ts","statementMap":{"0":{"start":{"line":2,"column":22},"end":{"line":12,"column":3}},"1":{"start":{"line":3,"column":4},"end":{"line":3,"column":33}},"2":{"start":{"line":3,"column":26},"end":{"line":3,"column":33}},"3":{"start":{"line":4,"column":15},"end":{"line":4,"column":52}},"4":{"start":{"line":5,"column":4},"end":{"line":7,"column":5}},"5":{"start":{"line":6,"column":6},"end":{"line":6,"column":68}},"6":{"start":{"line":6,"column":51},"end":{"line":6,"column":63}},"7":{"start":{"line":8,"column":4},"end":{"line":8,"column":39}},"8":{"start":{"line":10,"column":4},"end":{"line":10,"column":33}},"9":{"start":{"line":10,"column":26},"end":{"line":10,"column":33}},"10":{"start":{"line":11,"column":4},"end":{"line":11,"column":17}},"11":{"start":{"line":13,"column":25},"end":{"line":17,"column":2}},"12":{"start":{"line":14,"column":4},"end":{"line":14,"column":72}},"13":{"start":{"line":16,"column":4},"end":{"line":16,"column":21}},"14":{"start":{"line":18,"column":19},"end":{"line":34,"column":4}},"15":{"start":{"line":19,"column":18},"end":{"line":26,"column":5}},"16":{"start":{"line":20,"column":8},"end":{"line":24,"column":10}},"17":{"start":{"line":21,"column":21},"end":{"line":21,"column":23}},"18":{"start":{"line":22,"column":12},"end":{"line":22,"column":95}},"19":{"start":{"line":22,"column":29},"end":{"line":22,"column":95}},"20":{"start":{"line":22,"column":77},"end":{"line":22,"column":95}},"21":{"start":{"line":23,"column":12},"end":{"line":23,"column":22}},"22":{"start":{"line":25,"column":8},"end":{"line":25,"column":26}},"23":{"start":{"line":27,"column":4},"end":{"line":33,"column":6}},"24":{"start":{"line":28,"column":8},"end":{"line":28,"column":46}},"25":{"start":{"line":28,"column":35},"end":{"line":28,"column":46}},"26":{"start":{"line":29,"column":21},"end":{"line":29,"column":23}},"27":{"start":{"line":30,"column":8},"end":{"line":30,"column":137}},"28":{"start":{"line":30,"column":25},"end":{"line":30,"column":137}},"29":{"start":{"line":30,"column":38},"end":{"line":30,"column":50}},"30":{"start":{"line":30,"column":56},"end":{"line":30,"column":57}},"31":{"start":{"line":30,"column":78},"end":{"line":30,"column":137}},"32":{"start":{"line":30,"column":102},"end":{"line":30,"column":137}},"33":{"start":{"line":31,"column":8},"end":{"line":31,"column":40}},"34":{"start":{"line":32,"column":8},"end":{"line":32,"column":22}},"35":{"start":{"line":35,"column":0},"end":{"line":35,"column":62}},"36":{"start":{"line":36,"column":0},"end":{"line":36,"column":36}},"37":{"start":{"line":37,"column":11},"end":{"line":37,"column":43}},"38":{"start":{"line":38,"column":13},"end":{"line":38,"column":47}},"39":{"start":{"line":50,"column":29},"end":{"line":50,"column":52}},"40":{"start":{"line":51,"column":8},"end":{"line":53,"column":9}},"41":{"start":{"line":52,"column":12},"end":{"line":52,"column":73}},"42":{"start":{"line":55,"column":22},"end":{"line":55,"column":47}},"43":{"start":{"line":56,"column":8},"end":{"line":58,"column":9}},"44":{"start":{"line":57,"column":12},"end":{"line":57,"column":72}},"45":{"start":{"line":60,"column":8},"end":{"line":65,"column":9}},"46":{"start":{"line":61,"column":12},"end":{"line":61,"column":41}},"47":{"start":{"line":64,"column":12},"end":{"line":64,"column":76}},"48":{"start":{"line":66,"column":8},"end":{"line":66,"column":28}},"49":{"start":{"line":69,"column":0},"end":{"line":69,"column":48}}},"fnMap":{"0":{"name":"(anonymous_0)","decl":{"start":{"line":2,"column":74},"end":{"line":2,"column":75}},"loc":{"start":{"line":2,"column":96},"end":{"line":9,"column":1}},"line":2},"1":{"name":"(anonymous_1)","decl":{"start":{"line":6,"column":38},"end":{"line":6,"column":39}},"loc":{"start":{"line":6,"column":49},"end":{"line":6,"column":65}},"line":6},"2":{"name":"(anonymous_2)","decl":{"start":{"line":9,"column":6},"end":{"line":9,"column":7}},"loc":{"start":{"line":9,"column":28},"end":{"line":12,"column":1}},"line":9},"3":{"name":"(anonymous_3)","decl":{"start":{"line":13,"column":80},"end":{"line":13,"column":81}},"loc":{"start":{"line":13,"column":95},"end":{"line":15,"column":1}},"line":13},"4":{"name":"(anonymous_4)","decl":{"start":{"line":15,"column":5},"end":{"line":15,"column":6}},"loc":{"start":{"line":15,"column":20},"end":{"line":17,"column":1}},"line":15},"5":{"name":"(anonymous_5)","decl":{"start":{"line":18,"column":51},"end":{"line":18,"column":52}},"loc":{"start":{"line":18,"column":63},"end":{"line":34,"column":1}},"line":18},"6":{"name":"(anonymous_6)","decl":{"start":{"line":19,"column":18},"end":{"line":19,"column":19}},"loc":{"start":{"line":19,"column":30},"end":{"line":26,"column":5}},"line":19},"7":{"name":"(anonymous_7)","decl":{"start":{"line":20,"column":48},"end":{"line":20,"column":49}},"loc":{"start":{"line":20,"column":61},"end":{"line":24,"column":9}},"line":20},"8":{"name":"(anonymous_8)","decl":{"start":{"line":27,"column":11},"end":{"line":27,"column":12}},"loc":{"start":{"line":27,"column":26},"end":{"line":33,"column":5}},"line":27},"9":{"name":"(anonymous_9)","decl":{"start":{"line":49,"column":4},"end":{"line":49,"column":5}},"loc":{"start":{"line":49,"column":24},"end":{"line":67,"column":5}},"line":49}},"branchMap":{"0":{"loc":{"start":{"line":2,"column":22},"end":{"line":12,"column":3}},"type":"binary-expr","locations":[{"start":{"line":2,"column":23},"end":{"line":2,"column":27}},{"start":{"line":2,"column":31},"end":{"line":2,"column":51}},{"start":{"line":2,"column":57},"end":{"line":12,"column":2}}],"line":2},"1":{"loc":{"start":{"line":2,"column":57},"end":{"line":12,"column":2}},"type":"cond-expr","locations":[{"start":{"line":2,"column":74},"end":{"line":9,"column":1}},{"start":{"line":9,"column":6},"end":{"line":12,"column":1}}],"line":2},"2":{"loc":{"start":{"line":3,"column":4},"end":{"line":3,"column":33}},"type":"if","locations":[{"start":{"line":3,"column":4},"end":{"line":3,"column":33}},{"start":{},"end":{}}],"line":3},"3":{"loc":{"start":{"line":5,"column":4},"end":{"line":7,"column":5}},"type":"if","locations":[{"start":{"line":5,"column":4},"end":{"line":7,"column":5}},{"start":{},"end":{}}],"line":5},"4":{"loc":{"start":{"line":5,"column":8},"end":{"line":5,"column":85}},"type":"binary-expr","locations":[{"start":{"line":5,"column":8},"end":{"line":5,"column":13}},{"start":{"line":5,"column":18},"end":{"line":5,"column":84}}],"line":5},"5":{"loc":{"start":{"line":5,"column":18},"end":{"line":5,"column":84}},"type":"cond-expr","locations":[{"start":{"line":5,"column":34},"end":{"line":5,"column":47}},{"start":{"line":5,"column":50},"end":{"line":5,"column":84}}],"line":5},"6":{"loc":{"start":{"line":5,"column":50},"end":{"line":5,"column":84}},"type":"binary-expr","locations":[{"start":{"line":5,"column":50},"end":{"line":5,"column":63}},{"start":{"line":5,"column":67},"end":{"line":5,"column":84}}],"line":5},"7":{"loc":{"start":{"line":10,"column":4},"end":{"line":10,"column":33}},"type":"if","locations":[{"start":{"line":10,"column":4},"end":{"line":10,"column":33}},{"start":{},"end":{}}],"line":10},"8":{"loc":{"start":{"line":13,"column":25},"end":{"line":17,"column":2}},"type":"binary-expr","locations":[{"start":{"line":13,"column":26},"end":{"line":13,"column":30}},{"start":{"line":13,"column":34},"end":{"line":13,"column":57}},{"start":{"line":13,"column":63},"end":{"line":17,"column":1}}],"line":13},"9":{"loc":{"start":{"line":13,"column":63},"end":{"line":17,"column":1}},"type":"cond-expr","locations":[{"start":{"line":13,"column":80},"end":{"line":15,"column":1}},{"start":{"line":15,"column":5},"end":{"line":17,"column":1}}],"line":13},"10":{"loc":{"start":{"line":18,"column":19},"end":{"line":34,"column":4}},"type":"binary-expr","locations":[{"start":{"line":18,"column":20},"end":{"line":18,"column":24}},{"start":{"line":18,"column":28},"end":{"line":18,"column":45}},{"start":{"line":18,"column":50},"end":{"line":34,"column":4}}],"line":18},"11":{"loc":{"start":{"line":20,"column":18},"end":{"line":24,"column":9}},"type":"binary-expr","locations":[{"start":{"line":20,"column":18},"end":{"line":20,"column":44}},{"start":{"line":20,"column":48},"end":{"line":24,"column":9}}],"line":20},"12":{"loc":{"start":{"line":22,"column":29},"end":{"line":22,"column":95}},"type":"if","locations":[{"start":{"line":22,"column":29},"end":{"line":22,"column":95}},{"start":{},"end":{}}],"line":22},"13":{"loc":{"start":{"line":28,"column":8},"end":{"line":28,"column":46}},"type":"if","locations":[{"start":{"line":28,"column":8},"end":{"line":28,"column":46}},{"start":{},"end":{}}],"line":28},"14":{"loc":{"start":{"line":28,"column":12},"end":{"line":28,"column":33}},"type":"binary-expr","locations":[{"start":{"line":28,"column":12},"end":{"line":28,"column":15}},{"start":{"line":28,"column":19},"end":{"line":28,"column":33}}],"line":28},"15":{"loc":{"start":{"line":30,"column":8},"end":{"line":30,"column":137}},"type":"if","locations":[{"start":{"line":30,"column":8},"end":{"line":30,"column":137}},{"start":{},"end":{}}],"line":30},"16":{"loc":{"start":{"line":30,"column":78},"end":{"line":30,"column":137}},"type":"if","locations":[{"start":{"line":30,"column":78},"end":{"line":30,"column":137}},{"start":{},"end":{}}],"line":30},"17":{"loc":{"start":{"line":51,"column":8},"end":{"line":53,"column":9}},"type":"if","locations":[{"start":{"line":51,"column":8},"end":{"line":53,"column":9}},{"start":{},"end":{}}],"line":51},"18":{"loc":{"start":{"line":56,"column":8},"end":{"line":58,"column":9}},"type":"if","locations":[{"start":{"line":56,"column":8},"end":{"line":58,"column":9}},{"start":{},"end":{}}],"line":56}},"s":{"0":0,"1":0,"2":0,"3":0,"4":0,"5":0,"6":0,"7":0,"8":0,"9":0,"10":0,"11":0,"12":0,"13":0,"14":0,"15":0,"16":0,"17":0,"18":0,"19":0,"20":0,"21":0,"22":0,"23":0,"24":0,"25":0,"26":0,"27":0,"28":0,"29":0,"30":0,"31":0,"32":0,"33":0,"34":0,"35":0,"36":0,"37":0,"38":0,"39":0,"40":0,"41":0,"42":0,"43":0,"44":0,"45":0,"46":0,"47":0,"48":0,"49":0},"f":{"0":0,"1":0,"2":0,"3":0,"4":0,"5":0,"6":0,"7":0,"8":0,"9":0},"b":{"0":[0,0,0],"1":[0,0],"2":[0,0],"3":[0,0],"4":[0,0],"5":[0,0],"6":[0,0],"7":[0,0],"8":[0,0,0],"9":[0,0],"10":[0,0,0],"11":[0,0],"12":[0,0],"13":[0,0],"14":[0,0],"15":[0,0],"16":[0,0],"17":[0,0],"18":[0,0]}}
,"D:\\orderly\\src\\cli\\services\\manifest.service.ts": {"path":"D:\\orderly\\src\\cli\\services\\manifest.service.ts","statementMap":{"0":{"start":{"line":2,"column":22},"end":{"line":12,"column":3}},"1":{"start":{"line":3,"column":4},"end":{"line":3,"column":33}},"2":{"start":{"line":3,"column":26},"end":{"line":3,"column":33}},"3":{"start":{"line":4,"column":15},"end":{"line":4,"column":52}},"4":{"start":{"line":5,"column":4},"end":{"line":7,"column":5}},"5":{"start":{"line":6,"column":6},"end":{"line":6,"column":68}},"6":{"start":{"line":6,"column":51},"end":{"line":6,"column":63}},"7":{"start":{"line":8,"column":4},"end":{"line":8,"column":39}},"8":{"start":{"line":10,"column":4},"end":{"line":10,"column":33}},"9":{"start":{"line":10,"column":26},"end":{"line":10,"column":33}},"10":{"start":{"line":11,"column":4},"end":{"line":11,"column":17}},"11":{"start":{"line":13,"column":25},"end":{"line":17,"column":2}},"12":{"start":{"line":14,"column":4},"end":{"line":14,"column":72}},"13":{"start":{"line":16,"column":4},"end":{"line":16,"column":21}},"14":{"start":{"line":18,"column":19},"end":{"line":34,"column":4}},"15":{"start":{"line":19,"column":18},"end":{"line":26,"column":5}},"16":{"start":{"line":20,"column":8},"end":{"line":24,"column":10}},"17":{"start":{"line":21,"column":21},"end":{"line":21,"column":23}},"18":{"start":{"line":22,"column":12},"end":{"line":22,"column":95}},"19":{"start":{"line":22,"column":29},"end":{"line":22,"column":95}},"20":{"start":{"line":22,"column":77},"end":{"line":22,"column":95}},"21":{"start":{"line":23,"column":12},"end":{"line":23,"column":22}},"22":{"start":{"line":25,"column":8},"end":{"line":25,"column":26}},"23":{"start":{"line":27,"column":4},"end":{"line":33,"column":6}},"24":{"start":{"line":28,"column":8},"end":{"line":28,"column":46}},"25":{"start":{"line":28,"column":35},"end":{"line":28,"column":46}},"26":{"start":{"line":29,"column":21},"end":{"line":29,"column":23}},"27":{"start":{"line":30,"column":8},"end":{"line":30,"column":137}},"28":{"start":{"line":30,"column":25},"end":{"line":30,"column":137}},"29":{"start":{"line":30,"column":38},"end":{"line":30,"column":50}},"30":{"start":{"line":30,"column":56},"end":{"line":30,"column":57}},"31":{"start":{"line":30,"column":78},"end":{"line":30,"column":137}},"32":{"start":{"line":30,"column":102},"end":{"line":30,"column":137}},"33":{"start":{"line":31,"column":8},"end":{"line":31,"column":40}},"34":{"start":{"line":32,"column":8},"end":{"line":32,"column":22}},"35":{"start":{"line":35,"column":0},"end":{"line":35,"column":62}},"36":{"start":{"line":36,"column":0},"end":{"line":36,"column":33}},"37":{"start":{"line":37,"column":13},"end":{"line":37,"column":47}},"38":{"start":{"line":38,"column":17},"end":{"line":38,"column":47}},"39":{"start":{"line":39,"column":29},"end":{"line":39,"column":74}},"40":{"start":{"line":40,"column":18},"end":{"line":40,"column":48}},"41":{"start":{"line":49,"column":23},"end":{"line":49,"column":67}},"42":{"start":{"line":50,"column":8},"end":{"line":50,"column":84}},"43":{"start":{"line":59,"column":25},"end":{"line":59,"column":79}},"44":{"start":{"line":60,"column":25},"end":{"line":60,"column":70}},"45":{"start":{"line":61,"column":8},"end":{"line":61,"column":56}},"46":{"start":{"line":63,"column":29},"end":{"line":63,"column":72}},"47":{"start":{"line":64,"column":8},"end":{"line":64,"column":68}},"48":{"start":{"line":67,"column":0},"end":{"line":67,"column":42}}},"fnMap":{"0":{"name":"(anonymous_0)","decl":{"start":{"line":2,"column":74},"end":{"line":2,"column":75}},"loc":{"start":{"line":2,"column":96},"end":{"line":9,"column":1}},"line":2},"1":{"name":"(anonymous_1)","decl":{"start":{"line":6,"column":38},"end":{"line":6,"column":39}},"loc":{"start":{"line":6,"column":49},"end":{"line":6,"column":65}},"line":6},"2":{"name":"(anonymous_2)","decl":{"start":{"line":9,"column":6},"end":{"line":9,"column":7}},"loc":{"start":{"line":9,"column":28},"end":{"line":12,"column":1}},"line":9},"3":{"name":"(anonymous_3)","decl":{"start":{"line":13,"column":80},"end":{"line":13,"column":81}},"loc":{"start":{"line":13,"column":95},"end":{"line":15,"column":1}},"line":13},"4":{"name":"(anonymous_4)","decl":{"start":{"line":15,"column":5},"end":{"line":15,"column":6}},"loc":{"start":{"line":15,"column":20},"end":{"line":17,"column":1}},"line":15},"5":{"name":"(anonymous_5)","decl":{"start":{"line":18,"column":51},"end":{"line":18,"column":52}},"loc":{"start":{"line":18,"column":63},"end":{"line":34,"column":1}},"line":18},"6":{"name":"(anonymous_6)","decl":{"start":{"line":19,"column":18},"end":{"line":19,"column":19}},"loc":{"start":{"line":19,"column":30},"end":{"line":26,"column":5}},"line":19},"7":{"name":"(anonymous_7)","decl":{"start":{"line":20,"column":48},"end":{"line":20,"column":49}},"loc":{"start":{"line":20,"column":61},"end":{"line":24,"column":9}},"line":20},"8":{"name":"(anonymous_8)","decl":{"start":{"line":27,"column":11},"end":{"line":27,"column":12}},"loc":{"start":{"line":27,"column":26},"end":{"line":33,"column":5}},"line":27},"9":{"name":"(anonymous_9)","decl":{"start":{"line":48,"column":4},"end":{"line":48,"column":5}},"loc":{"start":{"line":48,"column":18},"end":{"line":51,"column":5}},"line":48},"10":{"name":"(anonymous_10)","decl":{"start":{"line":57,"column":4},"end":{"line":57,"column":5}},"loc":{"start":{"line":57,"column":37},"end":{"line":65,"column":5}},"line":57}},"branchMap":{"0":{"loc":{"start":{"line":2,"column":22},"end":{"line":12,"column":3}},"type":"binary-expr","locations":[{"start":{"line":2,"column":23},"end":{"line":2,"column":27}},{"start":{"line":2,"column":31},"end":{"line":2,"column":51}},{"start":{"line":2,"column":57},"end":{"line":12,"column":2}}],"line":2},"1":{"loc":{"start":{"line":2,"column":57},"end":{"line":12,"column":2}},"type":"cond-expr","locations":[{"start":{"line":2,"column":74},"end":{"line":9,"column":1}},{"start":{"line":9,"column":6},"end":{"line":12,"column":1}}],"line":2},"2":{"loc":{"start":{"line":3,"column":4},"end":{"line":3,"column":33}},"type":"if","locations":[{"start":{"line":3,"column":4},"end":{"line":3,"column":33}},{"start":{},"end":{}}],"line":3},"3":{"loc":{"start":{"line":5,"column":4},"end":{"line":7,"column":5}},"type":"if","locations":[{"start":{"line":5,"column":4},"end":{"line":7,"column":5}},{"start":{},"end":{}}],"line":5},"4":{"loc":{"start":{"line":5,"column":8},"end":{"line":5,"column":85}},"type":"binary-expr","locations":[{"start":{"line":5,"column":8},"end":{"line":5,"column":13}},{"start":{"line":5,"column":18},"end":{"line":5,"column":84}}],"line":5},"5":{"loc":{"start":{"line":5,"column":18},"end":{"line":5,"column":84}},"type":"cond-expr","locations":[{"start":{"line":5,"column":34},"end":{"line":5,"column":47}},{"start":{"line":5,"column":50},"end":{"line":5,"column":84}}],"line":5},"6":{"loc":{"start":{"line":5,"column":50},"end":{"line":5,"column":84}},"type":"binary-expr","locations":[{"start":{"line":5,"column":50},"end":{"line":5,"column":63}},{"start":{"line":5,"column":67},"end":{"line":5,"column":84}}],"line":5},"7":{"loc":{"start":{"line":10,"column":4},"end":{"line":10,"column":33}},"type":"if","locations":[{"start":{"line":10,"column":4},"end":{"line":10,"column":33}},{"start":{},"end":{}}],"line":10},"8":{"loc":{"start":{"line":13,"column":25},"end":{"line":17,"column":2}},"type":"binary-expr","locations":[{"start":{"line":13,"column":26},"end":{"line":13,"column":30}},{"start":{"line":13,"column":34},"end":{"line":13,"column":57}},{"start":{"line":13,"column":63},"end":{"line":17,"column":1}}],"line":13},"9":{"loc":{"start":{"line":13,"column":63},"end":{"line":17,"column":1}},"type":"cond-expr","locations":[{"start":{"line":13,"column":80},"end":{"line":15,"column":1}},{"start":{"line":15,"column":5},"end":{"line":17,"column":1}}],"line":13},"10":{"loc":{"start":{"line":18,"column":19},"end":{"line":34,"column":4}},"type":"binary-expr","locations":[{"start":{"line":18,"column":20},"end":{"line":18,"column":24}},{"start":{"line":18,"column":28},"end":{"line":18,"column":45}},{"start":{"line":18,"column":50},"end":{"line":34,"column":4}}],"line":18},"11":{"loc":{"start":{"line":20,"column":18},"end":{"line":24,"column":9}},"type":"binary-expr","locations":[{"start":{"line":20,"column":18},"end":{"line":20,"column":44}},{"start":{"line":20,"column":48},"end":{"line":24,"column":9}}],"line":20},"12":{"loc":{"start":{"line":22,"column":29},"end":{"line":22,"column":95}},"type":"if","locations":[{"start":{"line":22,"column":29},"end":{"line":22,"column":95}},{"start":{},"end":{}}],"line":22},"13":{"loc":{"start":{"line":28,"column":8},"end":{"line":28,"column":46}},"type":"if","locations":[{"start":{"line":28,"column":8},"end":{"line":28,"column":46}},{"start":{},"end":{}}],"line":28},"14":{"loc":{"start":{"line":28,"column":12},"end":{"line":28,"column":33}},"type":"binary-expr","locations":[{"start":{"line":28,"column":12},"end":{"line":28,"column":15}},{"start":{"line":28,"column":19},"end":{"line":28,"column":33}}],"line":28},"15":{"loc":{"start":{"line":30,"column":8},"end":{"line":30,"column":137}},"type":"if","locations":[{"start":{"line":30,"column":8},"end":{"line":30,"column":137}},{"start":{},"end":{}}],"line":30},"16":{"loc":{"start":{"line":30,"column":78},"end":{"line":30,"column":137}},"type":"if","locations":[{"start":{"line":30,"column":78},"end":{"line":30,"column":137}},{"start":{},"end":{}}],"line":30}},"s":{"0":0,"1":0,"2":0,"3":0,"4":0,"5":0,"6":0,"7":0,"8":0,"9":0,"10":0,"11":0,"12":0,"13":0,"14":0,"15":0,"16":0,"17":0,"18":0,"19":0,"20":0,"21":0,"22":0,"23":0,"24":0,"25":0,"26":0,"27":0,"28":0,"29":0,"30":0,"31":0,"32":0,"33":0,"34":0,"35":0,"36":0,"37":0,"38":0,"39":0,"40":0,"41":0,"42":0,"43":0,"44":0,"45":0,"46":0,"47":0,"48":0},"f":{"0":0,"1":0,"2":0,"3":0,"4":0,"5":0,"6":0,"7":0,"8":0,"9":0,"10":0},"b":{"0":[0,0,0],"1":[0,0],"2":[0,0],"3":[0,0],"4":[0,0],"5":[0,0],"6":[0,0],"7":[0,0],"8":[0,0,0],"9":[0,0],"10":[0,0,0],"11":[0,0],"12":[0,0],"13":[0,0],"14":[0,0],"15":[0,0],"16":[0,0]}}
,"D:\\orderly\\src\\config\\config-loader.ts": {"path":"D:\\orderly\\src\\config\\config-loader.ts","statementMap":{"0":{"start":{"line":2,"column":22},"end":{"line":12,"column":3}},"1":{"start":{"line":3,"column":4},"end":{"line":3,"column":33}},"2":{"start":{"line":3,"column":26},"end":{"line":3,"column":33}},"3":{"start":{"line":4,"column":15},"end":{"line":4,"column":52}},"4":{"start":{"line":5,"column":4},"end":{"line":7,"column":5}},"5":{"start":{"line":6,"column":6},"end":{"line":6,"column":68}},"6":{"start":{"line":6,"column":51},"end":{"line":6,"column":63}},"7":{"start":{"line":8,"column":4},"end":{"line":8,"column":39}},"8":{"start":{"line":10,"column":4},"end":{"line":10,"column":33}},"9":{"start":{"line":10,"column":26},"end":{"line":10,"column":33}},"10":{"start":{"line":11,"column":4},"end":{"line":11,"column":17}},"11":{"start":{"line":13,"column":25},"end":{"line":17,"column":2}},"12":{"start":{"line":14,"column":4},"end":{"line":14,"column":72}},"13":{"start":{"line":16,"column":4},"end":{"line":16,"column":21}},"14":{"start":{"line":18,"column":19},"end":{"line":34,"column":4}},"15":{"start":{"line":19,"column":18},"end":{"line":26,"column":5}},"16":{"start":{"line":20,"column":8},"end":{"line":24,"column":10}},"17":{"start":{"line":21,"column":21},"end":{"line":21,"column":23}},"18":{"start":{"line":22,"column":12},"end":{"line":22,"column":95}},"19":{"start":{"line":22,"column":29},"end":{"line":22,"column":95}},"20":{"start":{"line":22,"column":77},"end":{"line":22,"column":95}},"21":{"start":{"line":23,"column":12},"end":{"line":23,"column":22}},"22":{"start":{"line":25,"column":8},"end":{"line":25,"column":26}},"23":{"start":{"line":27,"column":4},"end":{"line":33,"column":6}},"24":{"start":{"line":28,"column":8},"end":{"line":28,"column":46}},"25":{"start":{"line":28,"column":35},"end":{"line":28,"column":46}},"26":{"start":{"line":29,"column":21},"end":{"line":29,"column":23}},"27":{"start":{"line":30,"column":8},"end":{"line":30,"column":137}},"28":{"start":{"line":30,"column":25},"end":{"line":30,"column":137}},"29":{"start":{"line":30,"column":38},"end":{"line":30,"column":50}},"30":{"start":{"line":30,"column":56},"end":{"line":30,"column":57}},"31":{"start":{"line":30,"column":78},"end":{"line":30,"column":137}},"32":{"start":{"line":30,"column":102},"end":{"line":30,"column":137
[...]
,"D:\\orderly\\src\\utils\\json.parser.ts": {"path":"D:\\orderly\\src\\utils\\json.parser.ts","statementMap":{"0":{"start":{"line":2,"column":0},"end":{"line":2,"column":62}},"1":{"start":{"line":3,"column":0},"end":{"line":3,"column":32}},"2":{"start":{"line":4,"column":0},"end":{"line":4,"column":38}},"3":{"start":{"line":5,"column":0},"end":{"line":5,"column":38}},"4":{"start":{"line":6,"column":0},"end":{"line":6,"column":38}},"5":{"start":{"line":7,"column":28},"end":{"line":7,"column":58}},"6":{"start":{"line":15,"column":4},"end":{"line":15,"column":45}},"7":{"start":{"line":24,"column":4},"end":{"line":33,"column":5}},"8":{"start":{"line":25,"column":24},"end":{"line":25,"column":82}},"9":{"start":{"line":26,"column":23},"end":{"line":26,"column":42}},"10":{"start":{"line":27,"column":8},"end":{"line":27,"column":55}},"11":{"start":{"line":28,"column":8},"end":{"line":28,"column":22}},"12":{"start":{"line":31,"column":8},"end":{"line":31,"column":82}},"13":{"start":{"line":32,"column":8},"end":{"line":32,"column":20}},"14":{"start":{"line":43,"column":4},"end":{"line":52,"column":5}},"15":{"start":{"line":44,"column":27},"end":{"line":44,"column":43}},"16":{"start":{"line":45,"column":8},"end":{"line":45,"column":80}},"17":{"start":{"line":46,"column":8},"end":{"line":46,"column":54}},"18":{"start":{"line":47,"column":8},"end":{"line":47,"column":20}},"19":{"start":{"line":50,"column":8},"end":{"line":50,"column":82}},"20":{"start":{"line":51,"column":8},"end":{"line":51,"column":21}},"21":{"start":{"line":61,"column":4},"end":{"line":67,"column":5}},"22":{"start":{"line":62,"column":8},"end":{"line":62,"column":38}},"23":{"start":{"line":65,"column":8},"end":{"line":65,"column":73}},"24":{"start":{"line":66,"column":8},"end":{"line":66,"column":20}}},"fnMap":{"0":{"name":"formatJson","decl":{"start":{"line":14,"column":9},"end":{"line":14,"column":19}},"loc":{"start":{"line":14,"column":37},"end":{"line":16,"column":1}},"line":14},"1":{"name":"parseJsonFile","decl":{"start":{"line":23,"column":9},"end":{"line":23,"column":22}},"loc":{"start":{"line":23,"column":41},"end":{"line":34,"column":1}},"line":23},"2":{"name":"writeJsonFile","decl":{"start":{"line":42,"column":9},"end":{"line":42,"column":22}},"loc":{"start":{"line":42,"column":47},"end":{"line":53,"column":1}},"line":42},"3":{"name":"safeJsonParse","decl":{"start":{"line":60,"column":9},"end":{"line":60,"column":22}},"loc":{"start":{"line":60,"column":43},"end":{"line":68,"column":1}},"line":60}},"branchMap":{"0":{"loc":{"start":{"line":14,"column":25},"end":{"line":14,"column":35}},"type":"default-arg","locations":[{"start":{"line":14,"column":34},"end":{"line":14,"column":35}}],"line":14}},"s":{"0":0,"1":0,"2":0,"3":0,"4":0,"5":0,"6":0,"7":0,"8":0,"9":0,"10":0,"11":0,"12":0,"13":0,"14":0,"15":0,"16":0,"17":0,"18":0,"19":0,"20":0,"21":0,"22":0,"23":0,"24":0},"f":{"0":0,"1":0,"2":0,"3":0},"b":{"0":[0]}}
,"D:\\orderly\\src\\utils\\naming.ts": {"path":"D:\\orderly\\src\\utils\\naming.ts","statementMap":{"0":{"start":{"line":2,"column":22},"end":{"line":12,"column":3}},"1":{"start":{"line":3,"column":4},"end":{"line":3,"column":33}},"2":{"start":{"line":3,"column":26},"end":{"line":3,"column":33}},"3":{"start":{"line":4,"column":15},"end":{"line":4,"column":52}},"4":{"start":{"line":5,"column":4},"end":{"line":7,"column":5}},"5":{"start":{"line":6,"column":6},"end":{"line":6,"column":68}},"6":{"start":{"line":6,"column":51},"end":{"line":6,"column":63}},"7":{"start":{"line":8,"column":4},"end":{"line":8,"column":39}},"8":{"start":{"line":10,"column":4},"end":{"line":10,"column":33}},"9":{"start":{"line":10,"column":26},"end":{"line":10,"column":33}},"10":{"start":{"line":11,"column":4},"end":{"line":11,"column":17}},"11":{"start":{"line":13,"column":25},"end":{"line":17,"column":2}},"12":{"start":{"line":14,"column":4},"end":{"line":14,"column":72}},"13":{"start":{"line":16,"column":4},"end":{"line":16,"column":21}},"14":{"start":{"line":18,"column":19},"end":{"line":34,"column":4}},"15":{"start":{"line":19,"column":18},"end":{"line":26,"column":5}},"16":{"start":{"line":20,"column":8},"end":{"line":24,"column":10}},"17":{"start":{"line":21,"column":21},"end":{"line":21,"column":23}},"18":{"start":{"line":22,"column":12},"end":{"line":22,"column":95}},"19":{"start":{"line":22,"column":29},"end":{"line":22,"column":95}},"20":{"start":{"line":22,"column":77},"end":{"line":22,"column":95}},"21":{"start":{"line":23,"column":12},"end":{"line":23,"column":22}},"22":{"start":{"line":25,"column":8},"end":{"line":25,"column":26}},"23":{"start":{"line":27,"column":4},"end":{"line":33,"column":6}},"24":{"start":{"line":28,"column":8},"end":{"line":28,"column":46}},"25":{"start":{"line":28,"column":35},"end":{"line":28,"column":46}},"26":{"start":{"line":29,"column":21},"end":{"line":29,"column":23}},"27":{"start":{"line":30,"column":8},"end":{"line":30,"column":137}},"28":{"start":{"line":30,"column":25},"end":{"line":30,"column":137}},"29":{"start":{"line":30,"column":38},"end":{"line":30,"column":50}},"30":{"start":{"line":30,"column":56},"end":{"line":30,"column":57}},"31":{"start":{"line":30,"column":78},"end":{"line":30,"column":137}},"32":{"start":{"line":30,"column":102},"end":{"line":30,"column":137}},"33":{"start":{"line":31,"column":8},"end":{"line":31,"column":40}},"34":{"start":{"line":32,"column":8},"end":{"line":32,"column":22}},"35":{"start":{"line":35,"column":0},"end":{"line":35,"column":62}},"36":{"start":{"line":36,"column":0},"end":{"line":36,"column":29}},"37":{"start":{"line":37,"column":13},"end":{"line":37,"column":47}},"38":{"start":{"line":38,"column":16},"end":{"line":38,"column":42}},"39":{"start":{"line":46,"column":8},"end":{"line":50,"column":27}},"40":{"start":{"line":58,"column":8},"end":{"line":58,"column":44}},"41":{"start":{"line":66,"column":8},"end":{"line":70,"column":27}},"42":{"start":{"line":78,"column":8},"end":{"line":78,"column":44}},"43":{"start":{"line":86,"column":8},"end":{"line":88,"column":87}},"44":{"start":{"line":88,"column":54},"end":{"line":88,"column":84}},"45":{"start":{"line":96,"column":8},"end":{"line":96,"column":44}},"46":{"start":{"line":104,"column":8},"end":{"line":107,"column":61}},"47":{"start":{"line":106,"column":54},"end":{"line":106,"column":84}},"48":{"start":{"line":107,"column":41},"end":{"line":107,"column":59}},"49":{"start":{"line":115,"column":8},"end":{"line":115,"column":45}},"50":{"start":{"line":124,"column":20},"end":{"line":124,"column":42}},"51":{"start":{"line":125,"column":31},"end":{"line":125,"column":59}},"52":{"start":{"line":127,"column":8},"end":{"line":142,"column":9}},"53":{"start":{"line":129,"column":16},"end":{"line":129,"column":65}},"54":{"start":{"line":130,"column":16},"end":{"line":130,"column":22}},"55":{"start":{"line":132,"column":16},"end":{"line":132,"column":65}},"56":{"start":{"line":133,"column":16},"end":{"line":133,"column":22}},"57":{"start":{"line":135,"column":16},"end":{"line":135,"column":65}},"58":{"start":{"line":136,"column":16},"end":{"line":136,"column":22}},"59":{"start":{"line":138,"column":16},"end":{"line":138,"column":66}},"60":{"start":{"line":139,"column":16},"end":{"line":139,"column":22}},"61":{"start":{"line":141,"column":16},"end":{"line":141,"column":47}},"62":{"start":{"line":143,"column":8},"end":{"line":147,"column":9}},"63":{"start":{"line":146,"column":12},"end":{"line":146,"column":56}},"64":{"start":{"line":148,"column":8},"end":{"line":148,"column":49}},"65":{"start":{"line":157,"column":8},"end":{"line":157,"column":71}},"66":{"start":{"line":166,"column":26},"end":{"line":166,"column":74}},"67":{"start":{"line":167,"column":8},"end":{"line":167,"column":38}},"68":{"start":{"line":176,"column":8},"end":{"line":176,"column":61}},"69":{"start":{"line":179,"column":0},"end":{"line":179,"column":34}}},"fnMap":{"0":{"name":"(anonymous_0)","decl":{"start":{"line":2,"column":74},"end":{"line":2,"column":75}},"loc":{"start":{"line":2,"column":96},"end":{"line":9,"column":1}},"line":2},"1":{"name":"(anonymous_1)","decl":{"start":{"line":6,"column":38},"end":{"line":6,"column":39}},"loc":{"start":{"line":6,"column":49},"end":{"line":6,"column":65}},"line":6},"2":{"name":"(anonymous_2)","decl":{"start":{"line":9,"column":6},"end":{"line":9,"column":7}},"loc":{"start":{"line":9,"column":28},"end":{"line":12,"column":1}},"line":9},"3":{"name":"(anonymous_3)","decl":{"start":{"line":13,"column":80},"end":{"line":13,"column":81}},"loc":{"start":{"line":13,"column":95},"end":{"line":15,"column":1}},"line":13},"4":{"name":"(anonymous_4)","decl":{"start":{"line":15,"column":5},"end":{"line":15,"column":6}},"loc":{"start":{"line":15,"column":20},"end":{"line":17,"column":1}},"line":15},"5":{"name":"(anonymous_5)","decl":{"start":{"line":18,"column":51},"end":{"line":18,"column":52}},"loc":{"start":{"line":18,"column":63},"end":{"line":34,"column":1}},"line":18},"6":{"name":"(anonymous_6)","decl":{"start":{"line":19,"column":18},"end":{"line":19,"column":19}},"loc":{"start":{"line":19,"column":30},"end":{"line":26,"column":5}},"line":19},"7":{"name":"(anonymous_7)","decl":{"start":{"line":20,"column":48},"end":{"line":20,"column":49}},"loc":{"start":{"line":20,"column":61},"end":{"line":24,"column":9}},"line":20},"8":{"name":"(anonymous_8)","decl":{"start":{"line":27,"column":11},"end":{"line":27,"column":12}},"loc":{"start":{"line":27,"column":26},"end":{"line":33,"column":5}},"line":27},"9":{"name":"(anonymous_9)","decl":{"start":{"line":45,"column":4},"end":{"line":45,"column":5}},"loc":{"start":{"line":45,"column":28},"end":{"line":51,"column":5}},"line":45},"10":{"name":"(anonymous_10)","decl":{"start":{"line":57,"column":4},"end":{"line":57,"column":5}},"loc":{"start":{"line":57,"column":21},"end":{"line":59,"column":5}},"line":57},"11":{"name":"(anonymous_11)","decl":{"start":{"line":65,"column":4},"end":{"line":65,"column":5}},"loc":{"start":{"line":65,"column":28},"end":{"line":71,"column":5}},"line":65},"12":{"name":"(anonymous_12)","decl":{"start":{"line":77,"column":4},"end":{"line":77,"column":5}},"loc":{"start":{"line":77,"column":21},"end":{"line":79,"column":5}},"line":77},"13":{"name":"(anonymous_13)","decl":{"start":{"line":85,"column":4},"end":{"line":85,"column":5}},"loc":{"start":{"line":85,"column":28},"end":{"line":89,"column":5}},"line":85},"14":{"name":"(anonymous_14)","decl":{"start":{"line":88,"column":40},"end":{"line":88,"column":41}},"loc":{"start":{"line":88,"column":54},"end":{"line":88,"column":84}},"line":88},"15":{"name":"(anonymous_15)","decl":{"start":{"line":95,"column":4},"end":{"line":95,"column":5}},"loc":{"start":{"line":95,"column":21},"end":{"line":97,"column":5}},"line":95},"16":{"name":"(anonymous_16)","decl":{"start":{"line":103,"column":4},"end":{"line":103,"column":5}},"loc":{"start":{"line":103,"column":29},"end":{"line":108,"column":5}},"line":103},"17":{"name":"(anonymous_17)","decl":{"start":{"line":106,"column":40},"end":{"line":106,"column":41}},"loc":{"start":{"line":106,"column":54},"end":{"line":106,"column":84}},"line":106},"18":{"name":"(anonymous_18)","decl":{"start":{"line":107,"column":31},"end":{"line":107,"column":32}},"loc":{"start":{"line":107,"column":41},"end":{"line":107,"column":59}},"line":107},"19":{"name":"(anonymous_19)","decl":{"start":{"line":114,"column":4},"end":{"line":114,"column":5}},"loc":{"start":{"line":114,"column":22},"end":{"line":116,"column":5}},"line":114},"20":{"name":"(anonymous_20)","decl":{"start":{"line":123,"column":4},"end":{"line":123,"column":5}},"loc":{"start":{"line":123,"column":55},"end":{"line":149,"column":5}},"line":123},"21":{"name":"(anonymous_21)","decl":{"start":{"line":156,"column":4},"end":{"line":156,"column":5}},"loc":{"start":{"line":156,"column":48},"end":{"line":158,"column":5}},"line":156},"22":{"name":"(anonymous_22)","decl":{"start":{"line":165,"column":4},"end":{"line":165,"column":5}},"loc":{"start":{"line":165,"column":45},"end":{"line":168,"column":5}},"line":165},"23":{"name":"(anonymous_23)","decl":{"start":{"line":175,"column":4},"end":{"line":175,"column":5}},"loc":{"start":{"line":175,"column":38},"end":{"line":177,"column":5}},"line":175}},"branchMap":{"0":{"loc":{"start":{"line":2,"column":22},"end":{"line":12,"column":3}},"type":"binary-expr","locations":[{"start":{"line":2,"column":23},"end":{"line":2,"column":27}},{"start":{"line":2,"column":31},"end":{"line":2,"column":51}},{"start":{"line":2,"column":57},"end":{"line":12,"column":2}}],"line":2},"1":{"loc":{"start":{"line":2,"column":57},"end":{"line":12,"column":2}},"type":"cond-expr","locations":[{"start":{"line":2,"column":74},"end":{"line":9,"column":1}},{"start":{"line":9,"column":6},"end":{"line":12,"column":1}}],"line":2},"2":{"loc":{"start":{"line":3,"column":4},"end":{"line":3,"column":33}},"type":"if","locations":[{"start":{"line":3,"column":4},"end":{"line":3,"column":33}},{"start":{},"end":{}}],"line":3},"3":{"loc":{"start":{"line":5,"column":4},"end":{"line":7,"column":5}},"type":"if","locations":[{"start":{"line":5,"column":4},"end":{"line":7,"column":5}},{"start":{},"end":{}}],"line":5},"4":{"loc":{"start":{"line":5,"column":8},"end":{"line":5,"column":85}},"type":"binary-expr","locations":[{"start":{"line":5,"column":8},"end":{"line":5,"column":13}},{"start":{"line":5,"column":18},"end":{"line":5,"column":84}}],"line":5},"5":{"loc":{"start":{"line":5,"column":18},"end":{"line":5,"column":84}},"type":"cond-expr","locations":[{"start":{"line":5,"column":34},"end":{"line":5,"column":47}},{"start":{"line":5,"column":50},"end":{"line":5,"column":84}}],"line":5},"6":{"loc":{"start":{"line":5,"column":50},"end":{"line":5,"column":84}},"type":"binary-expr","locations":[{"start":{"line":5,"column":50},"end":{"line":5,"column":63}},{"start":{"line":5,"column":67},"end":{"line":5,"column":84}}],"line":5},"7":{"loc":{"start":{"line":10,"column":4},"end":{"line":10,"column":33}},"type":"if","locations":[{"start":{"line":10,"column":4},"end":{"line":10,"column":33}},{"start":{},"end":{}}],"line":10},"8":{"loc":{"start":{"line":13,"column":25},"end":{"line":17,"column":2}},"type":"binary-expr","locations":[{"start":{"line":13,"column":26},"end":{"line":13,"column":30}},{"start":{"line":13,"column":34},"end":{"line":13,"column":57}},{"start":{"line":13,"column":63},"end":{"line":17,"column":1}}],"line":13},"9":{"loc":{"start":{"line":13,"column":63},"end":{"line":17,"column":1}},"type":"cond-expr","locations":[{"start":{"line":13,"column":80},"end":{"line":15,"column":1}},{"start":{"line":15,"column":5},"end":{"line":17,"column":1}}],"line":13},"10":{"loc":{"start":{"line":18,"column":19},"end":{"line":34,"column":4}},"type":"binary-expr","locations":[{"start":{"line":18,"column":20},"end":{"line":18,"column":24}},{"start":{"line":18,"column":28},"end":{"line":18,"column":45}},{"start":{"line":18,"column":50},"end":{"line":34,"column":4}}],"line":18},"11":{"loc":{"start":{"line":20,"column":18},"end":{"line":24,"column":9}},"type":"binary-expr","locations":[{"start":{"line":20,"column":18},"end":{"line":20,"column":44}},{"start":{"line":20,"column":48},"end":{"line":24,"column":9}}],"line":20},"12":{"loc":{"start":{"line":22,"column":29},"end":{"line":22,"column":95}},"type":"if","locations":[{"start":{"line":22,"column":29},"end":{"line":22,"column":95}},{"start":{},"end":{}}],"line":22},"13":{"loc":{"start":{"line":28,"column":8},"end":{"line":28,"column":46}},"type":"if","locations":[{"start":{"line":28,"column":8},"end":{"line":28,"column":46}},{"start":{},"end":{}}],"line":28},"14":{"loc":{"start":{"line":28,"column":12},"end":{"line":28,"column":33}},"type":"binary-expr","locations":[{"start":{"line":28,"column":12},"end":{"line":28,"column":15}},{"start":{"line":28,"column":19},"end":{"line":28,"column":33}}],"line":28},"15":{"loc":{"start":{"line":30,"column":8},"end":{"line":30,"column":137}},"type":"if","locations":[{"start":{"line":30,"column":8},"end":{"line":30,"column":137}},{"start":{},"end":{}}],"line":30},"16":{"loc":{"start":{"line":30,"column":78},"end":{"line":30,"column":137}},"type":"if","locations":[{"start":{"line":30,"column":78},"end":{"line":30,"column":137}},{"start":{},"end":{}}],"line":30},"17":{"loc":{"start":{"line":88,"column":54},"end":{"line":88,"column":84}},"type":"cond-expr","locations":[{"start":{"line":88,"column":61},"end":{"line":88,"column":79}},{"start":{"line":88,"column":82},"end":{"line":88,"column":84}}],"line":88},"18":{"loc":{"start":{"line":106,"column":54},"end":{"line":106,"column":84}},"type":"cond-expr","locations":[{"start":{"line":106,"column":61},"end":{"line":106,"column":79}},{"start":{"line":106,"column":82},"end":{"line":106,"column":84}}],"line":106},"19":{"loc":{"start":{"line":127,"column":8},"end":{"line":142,"column":9}},"type":"switch","locations":[{"start":{"line":128,"column":12},"end":{"line":130,"column":22}},{"start":{"line":131,"column":12},"end":{"line":133,"column":22}},{"start":{"line":134,"column":12},"end":{"line":136,"column":22}},{"start":{"line":137,"column":12},"end":{"line":139,"column":22}},{"start":{"line":140,"column":12},"end":{"line":141,"column":47}}],"line":127},"20":{"loc":{"start":{"line":143,"column":8},"end":{"line":147,"column":9}},"type":"if","locations":[{"start":{"line":143,"column":8},"end":{"line":147,"column":9}},{"start":{},"end":{}}],"line":143},"21":{"loc":{"start":{"line":143,"column":12},"end":{"line":145,"column":72}},"type":"binary-expr","locations":[{"start":{"line":143,"column":12},"end":{"line":143,"column":32}},{"start":{"line":144,"column":12},"end":{"line":144,"column":71}},{"start":{"line":145,"column":12},"end":{"line":145,"column":72}}],"line":143}},"s":{"0":0,"1":0,"2":0,"3":0,"4":0,"5":0,"6":0,"7":0,"8":0,"9":0,"10":0,"11":0,"12":0,"13":0,"14":0,"15":0,"16":0,"17":0,"18":0,"19":0,"20":0,"21":0,"22":0,"23":0,"24":0,"25":0,"26":0,"27":0,"28":0,"29":0,"30":0,"31":0,"32":0,"33":0,"34":0,"35":0,"36":0,"37":0,"38":0,"39":0,"40":0,"41":0,"42":0,"43":0,"44":0,"45":0,"46":0,"47":0,"48":0,"49":0,"50":0,"51":0,"52":0,"53":0,"54":0,"55":0,"56":0,"57":0,"58":0,"59":0,"60":0,"61":0,"62":0,"63":0,"64":0,"65":0,"66":0,"67":0,"68":0,"69":0},"f":{"0":0,"1":0,"2":0,"3":0,"4":0,"5":0,"6":0,"7":0,"8":0,"9":0,"10":0,"11":0,"12":0,"13":0,"14":0,"15":0,"16":0,"17":0,"18":0,"19":0,"20":0,"21":0,"22":0,"23":0},"b":{"0":[0,0,0],"1":[0,0],"2":[0,0],"3":[0,0],"4":[0,0],"5":[0,0],"6":[0,0],"7":[0,0],"8":[0,0,0],"9":[0,0],"10":[0,0,0],"11":[0,0],"12":[0,0],"13":[0,0],"14":[0,0],"15":[0,0],"16":[0,0],"17":[0,0],"18":[0,0],"19":[0,0,0,0,0],"20":[0,0],"21":[0,0,0]}}
}
